{"/home/mohanad/Documents/GitHub/loans-system/backend/src/app.controller.ts": {"path":"/home/mohanad/Documents/GitHub/loans-system/backend/src/app.controller.ts","statementMap":{"0":{"start":{"line":1,"column":0},"end":{"line":1,"column":49}},"1":{"start":{"line":2,"column":0},"end":{"line":2,"column":43}},"2":{"start":{"line":5,"column":7},"end":{"line":12,"column":null}},"3":{"start":{"line":6,"column":31},"end":{"line":6,"column":43}},"4":{"start":{"line":10,"column":4},"end":{"line":10,"column":38}},"5":{"start":{"line":5,"column":13},"end":{"line":5,"column":26}},"6":{"start":{"line":9,"column":2},"end":{"line":11,"column":null}},"7":{"start":{"line":5,"column":13},"end":{"line":12,"column":null}}},"fnMap":{"0":{"name":"(anonymous_2)","decl":{"start":{"line":6,"column":2},"end":{"line":6,"column":31}},"loc":{"start":{"line":6,"column":53},"end":{"line":6,"column":57}}},"1":{"name":"(anonymous_3)","decl":{"start":{"line":9,"column":2},"end":{"line":9,"column":10}},"loc":{"start":{"line":9,"column":10},"end":{"line":11,"column":3}}}},"branchMap":{"0":{"loc":{"start":{"line":6,"column":43},"end":{"line":6,"column":56}},"type":"cond-expr","locations":[{"start":{"line":6,"column":53},"end":{"line":6,"column":56}},{"start":{"line":6,"column":53},"end":{"line":6,"column":56}}]},"1":{"loc":{"start":{"line":6,"column":43},"end":{"line":6,"column":53}},"type":"binary-expr","locations":[{"start":{"line":6,"column":43},"end":{"line":6,"column":56}},{"start":{"line":6,"column":43},"end":{"line":6,"column":53}}]}},"s":{"0":1,"1":1,"2":1,"3":1,"4":1,"5":1,"6":1,"7":1},"f":{"0":1,"1":1},"b":{"0":[1,0],"1":[1,1]}}
,"/home/mohanad/Documents/GitHub/loans-system/backend/src/app.module.ts": {"path":"/home/mohanad/Documents/GitHub/loans-system/backend/src/app.module.ts","statementMap":{"0":{"start":{"line":1,"column":0},"end":{"line":1,"column":40}},"1":{"start":{"line":2,"column":0},"end":{"line":2,"column":46}},"2":{"start":{"line":3,"column":0},"end":{"line":3,"column":49}},"3":{"start":{"line":4,"column":0},"end":{"line":4,"column":43}},"4":{"start":{"line":5,"column":0},"end":{"line":5,"column":83}},"5":{"start":{"line":6,"column":0},"end":{"line":6,"column":74}},"6":{"start":{"line":7,"column":0},"end":{"line":7,"column":71}},"7":{"start":{"line":8,"column":0},"end":{"line":8,"column":59}},"8":{"start":{"line":9,"column":0},"end":{"line":9,"column":59}},"9":{"start":{"line":10,"column":0},"end":{"line":10,"column":54}},"10":{"start":{"line":12,"column":0},"end":{"line":12,"column":70}},"11":{"start":{"line":13,"column":0},"end":{"line":13,"column":47}},"12":{"start":{"line":14,"column":0},"end":{"line":14,"column":79}},"13":{"start":{"line":35,"column":7},"end":{"line":35,"column":null}},"14":{"start":{"line":35,"column":13},"end":{"line":35,"column":22}},"15":{"start":{"line":35,"column":13},"end":{"line":35,"column":null}}},"fnMap":{},"branchMap":{},"s":{"0":0,"1":0,"2":0,"3":0,"4":0,"5":0,"6":0,"7":0,"8":0,"9":0,"10":0,"11":0,"12":0,"13":0,"14":0,"15":0},"f":{},"b":{}}
,"/home/mohanad/Documents/GitHub/loans-system/backend/src/app.service.ts": {"path":"/home/mohanad/Documents/GitHub/loans-system/backend/src/app.service.ts","statementMap":{"0":{"start":{"line":1,"column":0},"end":{"line":1,"column":44}},"1":{"start":{"line":4,"column":7},"end":{"line":8,"column":null}},"2":{"start":{"line":6,"column":4},"end":{"line":6,"column":26}},"3":{"start":{"line":4,"column":13},"end":{"line":4,"column":23}},"4":{"start":{"line":4,"column":13},"end":{"line":8,"column":null}}},"fnMap":{"0":{"name":"(anonymous_1)","decl":{"start":{"line":5,"column":2},"end":{"line":5,"column":10}},"loc":{"start":{"line":5,"column":10},"end":{"line":7,"column":3}}}},"branchMap":{},"s":{"0":1,"1":1,"2":1,"3":1,"4":1},"f":{"0":1},"b":{}}
,"/home/mohanad/Documents/GitHub/loans-system/backend/src/main.ts": {"path":"/home/mohanad/Documents/GitHub/loans-system/backend/src/main.ts","statementMap":{"0":{"start":{"line":1,"column":0},"end":{"line":1,"column":43}},"1":{"start":{"line":2,"column":0},"end":{"line":2,"column":41}},"2":{"start":{"line":3,"column":0},"end":{"line":3,"column":48}},"3":{"start":{"line":4,"column":0},"end":{"line":4,"column":79}},"4":{"start":{"line":5,"column":0},"end":{"line":5,"column":77}},"5":{"start":{"line":6,"column":0},"end":{"line":6,"column":28}},"6":{"start":{"line":9,"column":14},"end":{"line":9,"column":49}},"7":{"start":{"line":10,"column":2},"end":{"line":10,"column":79}},"8":{"start":{"line":11,"column":2},"end":{"line":11,"column":54}},"9":{"start":{"line":12,"column":2},"end":{"line":12,"column":50}},"10":{"start":{"line":13,"column":2},"end":{"line":16,"column":5}},"11":{"start":{"line":17,"column":2},"end":{"line":17,"column":20}},"12":{"start":{"line":18,"column":2},"end":{"line":18,"column":25}},"13":{"start":{"line":20,"column":0},"end":{"line":20,"column":12}}},"fnMap":{"0":{"name":"bootstrap","decl":{"start":{"line":8,"column":15},"end":{"line":8,"column":24}},"loc":{"start":{"line":8,"column":24},"end":{"line":19,"column":1}}}},"branchMap":{},"s":{"0":0,"1":0,"2":0,"3":0,"4":0,"5":0,"6":0,"7":0,"8":0,"9":0,"10":0,"11":0,"12":0,"13":0},"f":{"0":0},"b":{}}
,"/home/mohanad/Documents/GitHub/loans-system/backend/src/common/filters/http-exception.filter.ts": {"path":"/home/mohanad/Documents/GitHub/loans-system/backend/src/common/filters/http-exception.filter.ts","statementMap":{"0":{"start":{"line":1,"column":0},"end":{"line":1,"column":null}},"1":{"start":{"line":12,"column":32},"end":{"line":44,"column":null}},"2":{"start":{"line":13,"column":30},"end":{"line":13,"column":66}},"3":{"start":{"line":16,"column":20},"end":{"line":16,"column":39}},"4":{"start":{"line":17,"column":25},"end":{"line":17,"column":52}},"5":{"start":{"line":18,"column":24},"end":{"line":18,"column":49}},"6":{"start":{"line":21,"column":12},"end":{"line":23,"column":50}},"7":{"start":{"line":26,"column":12},"end":{"line":28,"column":41}},"8":{"start":{"line":30,"column":8},"end":{"line":35,"column":11}},"9":{"start":{"line":37,"column":8},"end":{"line":42,"column":11}},"10":{"start":{"line":12,"column":13},"end":{"line":12,"column":32}},"11":{"start":{"line":12,"column":13},"end":{"line":44,"column":null}}},"fnMap":{"0":{"name":"(anonymous_1)","decl":{"start":{"line":15,"column":4},"end":{"line":15,"column":9}},"loc":{"start":{"line":15,"column":49},"end":{"line":43,"column":5}}}},"branchMap":{"0":{"loc":{"start":{"line":21,"column":12},"end":{"line":23,"column":50}},"type":"cond-expr","locations":[{"start":{"line":22,"column":18},"end":{"line":22,"column":39}},{"start":{"line":23,"column":18},"end":{"line":23,"column":50}}]},"1":{"loc":{"start":{"line":26,"column":12},"end":{"line":28,"column":41}},"type":"cond-expr","locations":[{"start":{"line":27,"column":18},"end":{"line":27,"column":41}},{"start":{"line":28,"column":18},"end":{"line":28,"column":41}}]},"2":{"loc":{"start":{"line":34,"column":19},"end":{"line":34,"column":75}},"type":"cond-expr","locations":[{"start":{"line":34,"column":48},"end":{"line":34,"column":63}},{"start":{"line":34,"column":66},"end":{"line":34,"column":75}}]}},"s":{"0":1,"1":1,"2":4,"3":4,"4":4,"5":4,"6":4,"7":4,"8":4,"9":4,"10":1,"11":1},"f":{"0":4},"b":{"0":[2,2],"1":[2,2],"2":[4,0]}}
,"/home/mohanad/Documents/GitHub/loans-system/backend/src/common/interceptors/logging.interceptor.ts": {"path":"/home/mohanad/Documents/GitHub/loans-system/backend/src/common/interceptors/logging.interceptor.ts","statementMap":{"0":{"start":{"line":1,"column":0},"end":{"line":1,"column":null}},"1":{"start":{"line":9,"column":0},"end":{"line":9,"column":37}},"2":{"start":{"line":10,"column":0},"end":{"line":10,"column":36}},"3":{"start":{"line":13,"column":31},"end":{"line":59,"column":null}},"4":{"start":{"line":14,"column":30},"end":{"line":14,"column":65}},"5":{"start":{"line":17,"column":20},"end":{"line":17,"column":55}},"6":{"start":{"line":18,"column":38},"end":{"line":18,"column":41}},"7":{"start":{"line":19,"column":26},"end":{"line":19,"column":53}},"8":{"start":{"line":20,"column":30},"end":{"line":20,"column":38}},"9":{"start":{"line":23,"column":8},"end":{"line":23,"column":42}},"10":{"start":{"line":25,"column":20},"end":{"line":25,"column":30}},"11":{"start":{"line":26,"column":8},"end":{"line":33,"column":11}},"12":{"start":{"line":35,"column":8},"end":{"line":50,"column":14}},"13":{"start":{"line":39,"column":37},"end":{"line":39,"column":73}},"14":{"start":{"line":40,"column":34},"end":{"line":40,"column":50}},"15":{"start":{"line":41,"column":20},"end":{"line":48,"column":23}},"16":{"start":{"line":54,"column":8},"end":{"line":54,"column":31}},"17":{"start":{"line":54,"column":19},"end":{"line":54,"column":31}},"18":{"start":{"line":55,"column":26},"end":{"line":55,"column":37}},"19":{"start":{"line":57,"column":8},"end":{"line":57,"column":25}},"20":{"start":{"line":13,"column":13},"end":{"line":13,"column":31}},"21":{"start":{"line":13,"column":13},"end":{"line":59,"column":null}}},"fnMap":{"0":{"name":"(anonymous_1)","decl":{"start":{"line":16,"column":4},"end":{"line":16,"column":13}},"loc":{"start":{"line":16,"column":58},"end":{"line":51,"column":5}}},"1":{"name":"(anonymous_2)","decl":{"start":{"line":38,"column":20},"end":{"line":38,"column":21}},"loc":{"start":{"line":38,"column":29},"end":{"line":49,"column":17}}},"2":{"name":"(anonymous_3)","decl":{"start":{"line":53,"column":12},"end":{"line":53,"column":24}},"loc":{"start":{"line":53,"column":34},"end":{"line":58,"column":5}}}},"branchMap":{"0":{"loc":{"start":{"line":19,"column":26},"end":{"line":19,"column":53}},"type":"binary-expr","locations":[{"start":{"line":19,"column":26},"end":{"line":19,"column":47}},{"start":{"line":19,"column":51},"end":{"line":19,"column":53}}]},"1":{"loc":{"start":{"line":54,"column":8},"end":{"line":54,"column":31}},"type":"if","locations":[{"start":{"line":54,"column":8},"end":{"line":54,"column":31}},{"start":{},"end":{}}]}},"s":{"0":1,"1":1,"2":1,"3":1,"4":7,"5":4,"6":4,"7":4,"8":4,"9":4,"10":4,"11":4,"12":4,"13":4,"14":4,"15":4,"16":7,"17":3,"18":4,"19":4,"20":1,"21":1},"f":{"0":4,"1":4,"2":7},"b":{"0":[4,3],"1":[3,4]}}
,"/home/mohanad/Documents/GitHub/loans-system/backend/src/modules/audit/audit.controller.ts": {"path":"/home/mohanad/Documents/GitHub/loans-system/backend/src/modules/audit/audit.controller.ts","statementMap":{"0":{"start":{"line":1,"column":0},"end":{"line":1,"column":61}},"1":{"start":{"line":2,"column":0},"end":{"line":2,"column":47}},"2":{"start":{"line":6,"column":7},"end":{"line":21,"column":null}},"3":{"start":{"line":7,"column":33},"end":{"line":7,"column":47}},"4":{"start":{"line":11,"column":32},"end":{"line":11,"column":65}},"5":{"start":{"line":12,"column":8},"end":{"line":12,"column":62}},"6":{"start":{"line":13,"column":8},"end":{"line":13,"column":51}},"7":{"start":{"line":14,"column":8},"end":{"line":14,"column":30}},"8":{"start":{"line":19,"column":8},"end":{"line":19,"column":62}},"9":{"start":{"line":6,"column":13},"end":{"line":6,"column":28}},"10":{"start":{"line":10,"column":10},"end":{"line":15,"column":null}},"11":{"start":{"line":18,"column":10},"end":{"line":20,"column":null}},"12":{"start":{"line":6,"column":13},"end":{"line":21,"column":null}}},"fnMap":{"0":{"name":"(anonymous_4)","decl":{"start":{"line":7,"column":4},"end":{"line":7,"column":33}},"loc":{"start":{"line":7,"column":59},"end":{"line":7,"column":64}}},"1":{"name":"(anonymous_5)","decl":{"start":{"line":10,"column":10},"end":{"line":10,"column":17}},"loc":{"start":{"line":10,"column":38},"end":{"line":15,"column":5}}},"2":{"name":"(anonymous_6)","decl":{"start":{"line":18,"column":10},"end":{"line":18,"column":23}},"loc":{"start":{"line":18,"column":69},"end":{"line":20,"column":5}}}},"branchMap":{"0":{"loc":{"start":{"line":7,"column":47},"end":{"line":7,"column":63}},"type":"cond-expr","locations":[{"start":{"line":7,"column":59},"end":{"line":7,"column":63}},{"start":{"line":7,"column":59},"end":{"line":7,"column":63}}]},"1":{"loc":{"start":{"line":7,"column":47},"end":{"line":7,"column":59}},"type":"binary-expr","locations":[{"start":{"line":7,"column":47},"end":{"line":7,"column":63}},{"start":{"line":7,"column":47},"end":{"line":7,"column":59}}]}},"s":{"0":1,"1":1,"2":1,"3":1,"4":0,"5":0,"6":0,"7":0,"8":0,"9":1,"10":1,"11":1,"12":1},"f":{"0":1,"1":0,"2":0},"b":{"0":[1,0],"1":[1,1]}}
,"/home/mohanad/Documents/GitHub/loans-system/backend/src/modules/audit/audit.module.ts": {"path":"/home/mohanad/Documents/GitHub/loans-system/backend/src/modules/audit/audit.module.ts","statementMap":{"0":{"start":{"line":1,"column":0},"end":{"line":1,"column":40}},"1":{"start":{"line":2,"column":0},"end":{"line":2,"column":53}},"2":{"start":{"line":3,"column":0},"end":{"line":3,"column":47}},"3":{"start":{"line":9,"column":7},"end":{"line":9,"column":null}},"4":{"start":{"line":9,"column":13},"end":{"line":9,"column":24}},"5":{"start":{"line":9,"column":13},"end":{"line":9,"column":null}}},"fnMap":{},"branchMap":{},"s":{"0":0,"1":0,"2":0,"3":0,"4":0,"5":0},"f":{},"b":{}}
,"/home/mohanad/Documents/GitHub/loans-system/backend/src/modules/audit/audit.service.ts": {"path":"/home/mohanad/Documents/GitHub/loans-system/backend/src/modules/audit/audit.service.ts","statementMap":{"0":{"start":{"line":1,"column":0},"end":{"line":1,"column":44}},"1":{"start":{"line":2,"column":0},"end":{"line":2,"column":60}},"2":{"start":{"line":5,"column":7},"end":{"line":33,"column":null}},"3":{"start":{"line":6,"column":24},"end":{"line":6,"column":32}},"4":{"start":{"line":9,"column":22},"end":{"line":9,"column":56}},"5":{"start":{"line":10,"column":21},"end":{"line":12,"column":10}},"6":{"start":{"line":13,"column":8},"end":{"line":13,"column":31}},"7":{"start":{"line":17,"column":8},"end":{"line":20,"column":11}},"8":{"start":{"line":29,"column":8},"end":{"line":31,"column":11}},"9":{"start":{"line":5,"column":13},"end":{"line":5,"column":25}},"10":{"start":{"line":5,"column":13},"end":{"line":33,"column":null}}},"fnMap":{"0":{"name":"(anonymous_2)","decl":{"start":{"line":6,"column":4},"end":{"line":6,"column":24}},"loc":{"start":{"line":6,"column":45},"end":{"line":6,"column":50}}},"1":{"name":"(anonymous_3)","decl":{"start":{"line":8,"column":4},"end":{"line":8,"column":9}},"loc":{"start":{"line":8,"column":17},"end":{"line":14,"column":5}}},"2":{"name":"(anonymous_4)","decl":{"start":{"line":16,"column":4},"end":{"line":16,"column":9}},"loc":{"start":{"line":16,"column":45},"end":{"line":21,"column":5}}},"3":{"name":"(anonymous_5)","decl":{"start":{"line":23,"column":4},"end":{"line":23,"column":9}},"loc":{"start":{"line":28,"column":5},"end":{"line":32,"column":5}}}},"branchMap":{"0":{"loc":{"start":{"line":6,"column":32},"end":{"line":6,"column":49}},"type":"cond-expr","locations":[{"start":{"line":6,"column":45},"end":{"line":6,"column":49}},{"start":{"line":6,"column":45},"end":{"line":6,"column":49}}]},"1":{"loc":{"start":{"line":6,"column":32},"end":{"line":6,"column":45}},"type":"binary-expr","locations":[{"start":{"line":6,"column":32},"end":{"line":6,"column":49}},{"start":{"line":6,"column":32},"end":{"line":6,"column":45}}]}},"s":{"0":2,"1":2,"2":2,"3":4,"4":1,"5":1,"6":1,"7":2,"8":1,"9":2,"10":2},"f":{"0":4,"1":1,"2":2,"3":1},"b":{"0":[2,0],"1":[2,2]}}
,"/home/mohanad/Documents/GitHub/loans-system/backend/src/modules/disbursements/disbursements.controller.ts": {"path":"/home/mohanad/Documents/GitHub/loans-system/backend/src/modules/disbursements/disbursements.controller.ts","statementMap":{"0":{"start":{"line":1,"column":0},"end":{"line":1,"column":73}},"1":{"start":{"line":2,"column":0},"end":{"line":2,"column":63}},"2":{"start":{"line":3,"column":0},"end":{"line":3,"column":70}},"3":{"start":{"line":5,"column":0},"end":{"line":5,"column":66}},"4":{"start":{"line":8,"column":7},"end":{"line":34,"column":null}},"5":{"start":{"line":10,"column":25},"end":{"line":10,"column":47}},"6":{"start":{"line":11,"column":25},"end":{"line":11,"column":43}},"7":{"start":{"line":16,"column":8},"end":{"line":16,"column":77}},"8":{"start":{"line":21,"column":32},"end":{"line":21,"column":73}},"9":{"start":{"line":22,"column":8},"end":{"line":22,"column":70}},"10":{"start":{"line":23,"column":8},"end":{"line":23,"column":51}},"11":{"start":{"line":24,"column":8},"end":{"line":24,"column":30}},"12":{"start":{"line":29,"column":8},"end":{"line":32,"column":11}},"13":{"start":{"line":8,"column":13},"end":{"line":8,"column":36}},"14":{"start":{"line":15,"column":4},"end":{"line":17,"column":null}},"15":{"start":{"line":20,"column":10},"end":{"line":25,"column":null}},"16":{"start":{"line":28,"column":10},"end":{"line":33,"column":null}},"17":{"start":{"line":8,"column":13},"end":{"line":34,"column":null}}},"fnMap":{"0":{"name":"(anonymous_4)","decl":{"start":{"line":9,"column":4},"end":{"line":9,"column":null}},"loc":{"start":{"line":11,"column":59},"end":{"line":12,"column":9}}},"1":{"name":"(anonymous_5)","decl":{"start":{"line":15,"column":4},"end":{"line":15,"column":10}},"loc":{"start":{"line":15,"column":63},"end":{"line":17,"column":5}}},"2":{"name":"(anonymous_6)","decl":{"start":{"line":20,"column":10},"end":{"line":20,"column":17}},"loc":{"start":{"line":20,"column":38},"end":{"line":25,"column":5}}},"3":{"name":"(anonymous_7)","decl":{"start":{"line":28,"column":10},"end":{"line":28,"column":18}},"loc":{"start":{"line":28,"column":76},"end":{"line":33,"column":5}}}},"branchMap":{"0":{"loc":{"start":{"line":31,"column":20},"end":{"line":31,"column":60}},"type":"binary-expr","locations":[{"start":{"line":31,"column":20},"end":{"line":31,"column":31}},{"start":{"line":31,"column":35},"end":{"line":31,"column":60}}]},"1":{"loc":{"start":{"line":15,"column":42},"end":{"line":15,"column":null}},"type":"cond-expr","locations":[{"start":{"line":15,"column":63},"end":{"line":15,"column":null}},{"start":{"line":15,"column":63},"end":{"line":15,"column":null}}]},"2":{"loc":{"start":{"line":15,"column":42},"end":{"line":15,"column":63}},"type":"binary-expr","locations":[{"start":{"line":15,"column":42},"end":{"line":15,"column":null}},{"start":{"line":15,"column":42},"end":{"line":15,"column":63}}]},"3":{"loc":{"start":{"line":10,"column":47},"end":{"line":10,"column":null}},"type":"cond-expr","locations":[{"start":{"line":10,"column":67},"end":{"line":10,"column":null}},{"start":{"line":10,"column":67},"end":{"line":10,"column":null}}]},"4":{"loc":{"start":{"line":10,"column":47},"end":{"line":10,"column":67}},"type":"binary-expr","locations":[{"start":{"line":10,"column":47},"end":{"line":10,"column":null}},{"start":{"line":10,"column":47},"end":{"line":10,"column":67}}]},"5":{"loc":{"start":{"line":10,"column":67},"end":{"line":11,"column":null}},"type":"cond-expr","locations":[{"start":{"line":11,"column":59},"end":{"line":11,"column":null}},{"start":{"line":11,"column":59},"end":{"line":11,"column":null}}]},"6":{"loc":{"start":{"line":10,"column":67},"end":{"line":11,"column":59}},"type":"binary-expr","locations":[{"start":{"line":10,"column":67},"end":{"line":11,"column":null}},{"start":{"line":11,"column":43},"end":{"line":11,"column":59}}]}},"s":{"0":1,"1":1,"2":1,"3":1,"4":1,"5":0,"6":0,"7":0,"8":0,"9":0,"10":0,"11":0,"12":0,"13":1,"14":1,"15":1,"16":1,"17":1},"f":{"0":0,"1":0,"2":0,"3":0},"b":{"0":[0,0],"1":[1,0],"2":[1,1],"3":[1,0],"4":[1,1],"5":[1,0],"6":[1,1]}}
,"/home/mohanad/Documents/GitHub/loans-system/backend/src/modules/disbursements/disbursements.module.ts": {"path":"/home/mohanad/Documents/GitHub/loans-system/backend/src/modules/disbursements/disbursements.module.ts","statementMap":{"0":{"start":{"line":1,"column":0},"end":{"line":1,"column":40}},"1":{"start":{"line":2,"column":0},"end":{"line":2,"column":63}},"2":{"start":{"line":3,"column":0},"end":{"line":3,"column":69}},"3":{"start":{"line":4,"column":0},"end":{"line":4,"column":58}},"4":{"start":{"line":5,"column":0},"end":{"line":5,"column":64}},"5":{"start":{"line":12,"column":7},"end":{"line":12,"column":null}},"6":{"start":{"line":12,"column":13},"end":{"line":12,"column":32}},"7":{"start":{"line":12,"column":13},"end":{"line":12,"column":null}}},"fnMap":{},"branchMap":{},"s":{"0":0,"1":0,"2":0,"3":0,"4":0,"5":0,"6":0,"7":0},"f":{},"b":{}}
,"/home/mohanad/Documents/GitHub/loans-system/backend/src/modules/disbursements/disbursements.service.ts": {"path":"/home/mohanad/Documents/GitHub/loans-system/backend/src/modules/disbursements/disbursements.service.ts","statementMap":{"0":{"start":{"line":1,"column":0},"end":{"line":1,"column":92}},"1":{"start":{"line":2,"column":0},"end":{"line":2,"column":60}},"2":{"start":{"line":7,"column":33},"end":{"line":136,"column":null}},"3":{"start":{"line":8,"column":30},"end":{"line":8,"column":67}},"4":{"start":{"line":10,"column":24},"end":{"line":10,"column":32}},"5":{"start":{"line":13,"column":22},"end":{"line":13,"column":60}},"6":{"start":{"line":14,"column":21},"end":{"line":16,"column":10}},"7":{"start":{"line":17,"column":8},"end":{"line":17,"column":31}},"8":{"start":{"line":21,"column":8},"end":{"line":21,"column":73}},"9":{"start":{"line":22,"column":22},"end":{"line":22,"column":32}},"10":{"start":{"line":24,"column":8},"end":{"line":88,"column":9}},"11":{"start":{"line":25,"column":12},"end":{"line":84,"column":15}},"12":{"start":{"line":27,"column":33},"end":{"line":29,"column":18}},"13":{"start":{"line":31,"column":16},"end":{"line":33,"column":17}},"14":{"start":{"line":32,"column":20},"end":{"line":32,"column":74}},"15":{"start":{"line":36,"column":27},"end":{"line":36,"column":87}},"16":{"start":{"line":37,"column":16},"end":{"line":48,"column":17}},"17":{"start":{"line":38,"column":20},"end":{"line":47,"column":23}},"18":{"start":{"line":51,"column":37},"end":{"line":58,"column":18}},"19":{"start":{"line":61,"column":37},"end":{"line":61,"column":95}},"20":{"start":{"line":62,"column":16},"end":{"line":64,"column":19}},"21":{"start":{"line":67,"column":16},"end":{"line":80,"column":19}},"22":{"start":{"line":82,"column":16},"end":{"line":82,"column":109}},"23":{"start":{"line":83,"column":16},"end":{"line":83,"column":36}},"24":{"start":{"line":86,"column":12},"end":{"line":86,"column":90}},"25":{"start":{"line":87,"column":12},"end":{"line":87,"column":24}},"26":{"start":{"line":92,"column":68},"end":{"line":92,"column":70}},"27":{"start":{"line":93,"column":28},"end":{"line":93,"column":56}},"28":{"start":{"line":94,"column":26},"end":{"line":94,"column":45}},"29":{"start":{"line":97,"column":8},"end":{"line":111,"column":9}},"30":{"start":{"line":98,"column":38},"end":{"line":98,"column":62}},"31":{"start":{"line":99,"column":12},"end":{"line":109,"column":13}},"32":{"start":{"line":99,"column":25},"end":{"line":99,"column":26}},"33":{"start":{"line":100,"column":16},"end":{"line":100,"column":65}},"34":{"start":{"line":101,"column":16},"end":{"line":108,"column":19}},"35":{"start":{"line":110,"column":12},"end":{"line":110,"column":28}},"36":{"start":{"line":114,"column":20},"end":{"line":114,"column":94}},"37":{"start":{"line":116,"column":33},"end":{"line":116,"column":44}},"38":{"start":{"line":118,"column":8},"end":{"line":133,"column":9}},"39":{"start":{"line":118,"column":21},"end":{"line":118,"column":22}},"40":{"start":{"line":119,"column":12},"end":{"line":119,"column":61}},"41":{"start":{"line":121,"column":29},"end":{"line":121,"column":61}},"42":{"start":{"line":122,"column":30},"end":{"line":122,"column":44}},"43":{"start":{"line":123,"column":12},"end":{"line":123,"column":44}},"44":{"start":{"line":125,"column":12},"end":{"line":132,"column":15}},"45":{"start":{"line":134,"column":8},"end":{"line":134,"column":24}},"46":{"start":{"line":7,"column":13},"end":{"line":7,"column":33}},"47":{"start":{"line":7,"column":13},"end":{"line":136,"column":null}}},"fnMap":{"0":{"name":"(anonymous_2)","decl":{"start":{"line":10,"column":4},"end":{"line":10,"column":24}},"loc":{"start":{"line":10,"column":45},"end":{"line":10,"column":50}}},"1":{"name":"(anonymous_3)","decl":{"start":{"line":12,"column":4},"end":{"line":12,"column":9}},"loc":{"start":{"line":12,"column":17},"end":{"line":18,"column":5}}},"2":{"name":"(anonymous_4)","decl":{"start":{"line":20,"column":4},"end":{"line":20,"column":9}},"loc":{"start":{"line":20,"column":50},"end":{"line":89,"column":5}}},"3":{"name":"(anonymous_5)","decl":{"start":{"line":25,"column":50},"end":{"line":25,"column":55}},"loc":{"start":{"line":25,"column":67},"end":{"line":84,"column":13}}},"4":{"name":"(anonymous_6)","decl":{"start":{"line":91,"column":12},"end":{"line":91,"column":28}},"loc":{"start":{"line":91,"column":73},"end":{"line":135,"column":5}}}},"branchMap":{"0":{"loc":{"start":{"line":31,"column":16},"end":{"line":33,"column":17}},"type":"if","locations":[{"start":{"line":31,"column":16},"end":{"line":33,"column":17}},{"start":{},"end":{}}]},"1":{"loc":{"start":{"line":37,"column":16},"end":{"line":48,"column":17}},"type":"if","locations":[{"start":{"line":37,"column":16},"end":{"line":48,"column":17}},{"start":{},"end":{}}]},"2":{"loc":{"start":{"line":97,"column":8},"end":{"line":111,"column":9}},"type":"if","locations":[{"start":{"line":97,"column":8},"end":{"line":111,"column":9}},{"start":{},"end":{}}]},"3":{"loc":{"start":{"line":10,"column":32},"end":{"line":10,"column":49}},"type":"cond-expr","locations":[{"start":{"line":10,"column":45},"end":{"line":10,"column":49}},{"start":{"line":10,"column":45},"end":{"line":10,"column":49}}]},"4":{"loc":{"start":{"line":10,"column":32},"end":{"line":10,"column":45}},"type":"binary-expr","locations":[{"start":{"line":10,"column":32},"end":{"line":10,"column":49}},{"start":{"line":10,"column":32},"end":{"line":10,"column":45}}]}},"s":{"0":2,"1":2,"2":2,"3":7,"4":7,"5":1,"6":1,"7":1,"8":6,"9":6,"10":6,"11":6,"12":6,"13":6,"14":1,"15":5,"16":5,"17":4,"18":5,"19":5,"20":5,"21":5,"22":5,"23":5,"24":1,"25":1,"26":5,"27":5,"28":5,"29":5,"30":1,"31":1,"32":1,"33":12,"34":12,"35":1,"36":4,"37":4,"38":4,"39":4,"40":48,"41":48,"42":48,"43":48,"44":48,"45":4,"46":2,"47":2},"f":{"0":7,"1":1,"2":6,"3":6,"4":5},"b":{"0":[1,5],"1":[4,1],"2":[1,4],"3":[2,0],"4":[2,2]}}
,"/home/mohanad/Documents/GitHub/loans-system/backend/src/modules/disbursements/dto/create-disbursement.dto.ts": {"path":"/home/mohanad/Documents/GitHub/loans-system/backend/src/modules/disbursements/dto/create-disbursement.dto.ts","statementMap":{"0":{"start":{"line":1,"column":0},"end":{"line":1,"column":83}},"1":{"start":{"line":3,"column":0},"end":{"line":3,"column":13}},"2":{"start":{"line":6,"column":4},"end":{"line":6,"column":null}},"3":{"start":{"line":10,"column":4},"end":{"line":10,"column":null}},"4":{"start":{"line":14,"column":4},"end":{"line":14,"column":null}},"5":{"start":{"line":17,"column":4},"end":{"line":17,"column":null}},"6":{"start":{"line":21,"column":4},"end":{"line":21,"column":null}},"7":{"start":{"line":26,"column":4},"end":{"line":26,"column":null}}},"fnMap":{},"branchMap":{},"s":{"0":1,"1":1,"2":1,"3":1,"4":1,"5":1,"6":1,"7":1},"f":{},"b":{}}
,"/home/mohanad/Documents/GitHub/loans-system/backend/src/modules/health/health.controller.ts": {"path":"/home/mohanad/Documents/GitHub/loans-system/backend/src/modules/health/health.controller.ts","statementMap":{"0":{"start":{"line":1,"column":0},"end":{"line":1,"column":49}},"1":{"start":{"line":4,"column":7},"end":{"line":9,"column":null}},"2":{"start":{"line":7,"column":8},"end":{"line":7,"column":69}},"3":{"start":{"line":4,"column":13},"end":{"line":4,"column":29}},"4":{"start":{"line":6,"column":4},"end":{"line":8,"column":null}},"5":{"start":{"line":4,"column":13},"end":{"line":9,"column":null}}},"fnMap":{"0":{"name":"(anonymous_2)","decl":{"start":{"line":6,"column":4},"end":{"line":6,"column":9}},"loc":{"start":{"line":6,"column":9},"end":{"line":8,"column":5}}}},"branchMap":{},"s":{"0":1,"1":1,"2":2,"3":1,"4":1,"5":1},"f":{"0":2},"b":{}}
,"/home/mohanad/Documents/GitHub/loans-system/backend/src/modules/loans/loans.controller.ts": {"path":"/home/mohanad/Documents/GitHub/loans-system/backend/src/modules/loans/loans.controller.ts","statementMap":{"0":{"start":{"line":1,"column":0},"end":{"line":1,"column":87}},"1":{"start":{"line":2,"column":0},"end":{"line":2,"column":47}},"2":{"start":{"line":6,"column":7},"end":{"line":33,"column":null}},"3":{"start":{"line":7,"column":33},"end":{"line":7,"column":47}},"4":{"start":{"line":11,"column":32},"end":{"line":14,"column":10}},"5":{"start":{"line":15,"column":8},"end":{"line":15,"column":62}},"6":{"start":{"line":16,"column":8},"end":{"line":16,"column":51}},"7":{"start":{"line":17,"column":8},"end":{"line":17,"column":30}},"8":{"start":{"line":22,"column":21},"end":{"line":22,"column":56}},"9":{"start":{"line":23,"column":8},"end":{"line":25,"column":9}},"10":{"start":{"line":24,"column":12},"end":{"line":24,"column":72}},"11":{"start":{"line":26,"column":8},"end":{"line":26,"column":20}},"12":{"start":{"line":31,"column":8},"end":{"line":31,"column":51}},"13":{"start":{"line":6,"column":13},"end":{"line":6,"column":28}},"14":{"start":{"line":10,"column":10},"end":{"line":18,"column":null}},"15":{"start":{"line":21,"column":10},"end":{"line":27,"column":null}},"16":{"start":{"line":30,"column":10},"end":{"line":32,"column":null}},"17":{"start":{"line":6,"column":13},"end":{"line":33,"column":null}}},"fnMap":{"0":{"name":"(anonymous_4)","decl":{"start":{"line":7,"column":4},"end":{"line":7,"column":33}},"loc":{"start":{"line":7,"column":59},"end":{"line":7,"column":64}}},"1":{"name":"(anonymous_5)","decl":{"start":{"line":10,"column":10},"end":{"line":10,"column":17}},"loc":{"start":{"line":10,"column":128},"end":{"line":18,"column":5}}},"2":{"name":"(anonymous_6)","decl":{"start":{"line":21,"column":10},"end":{"line":21,"column":17}},"loc":{"start":{"line":21,"column":41},"end":{"line":27,"column":5}}},"3":{"name":"(anonymous_7)","decl":{"start":{"line":30,"column":10},"end":{"line":30,"column":23}},"loc":{"start":{"line":30,"column":47},"end":{"line":32,"column":5}}}},"branchMap":{"0":{"loc":{"start":{"line":23,"column":8},"end":{"line":25,"column":9}},"type":"if","locations":[{"start":{"line":23,"column":8},"end":{"line":25,"column":9}},{"start":{},"end":{}}]},"1":{"loc":{"start":{"line":7,"column":47},"end":{"line":7,"column":63}},"type":"cond-expr","locations":[{"start":{"line":7,"column":59},"end":{"line":7,"column":63}},{"start":{"line":7,"column":59},"end":{"line":7,"column":63}}]},"2":{"loc":{"start":{"line":7,"column":47},"end":{"line":7,"column":59}},"type":"binary-expr","locations":[{"start":{"line":7,"column":47},"end":{"line":7,"column":63}},{"start":{"line":7,"column":47},"end":{"line":7,"column":59}}]}},"s":{"0":1,"1":1,"2":1,"3":6,"4":3,"5":3,"6":3,"7":3,"8":2,"9":2,"10":1,"11":1,"12":1,"13":1,"14":1,"15":1,"16":1,"17":1},"f":{"0":6,"1":3,"2":2,"3":1},"b":{"0":[1,1],"1":[1,0],"2":[1,1]}}
,"/home/mohanad/Documents/GitHub/loans-system/backend/src/modules/loans/loans.module.ts": {"path":"/home/mohanad/Documents/GitHub/loans-system/backend/src/modules/loans/loans.module.ts","statementMap":{"0":{"start":{"line":1,"column":0},"end":{"line":1,"column":40}},"1":{"start":{"line":2,"column":0},"end":{"line":2,"column":47}},"2":{"start":{"line":3,"column":0},"end":{"line":3,"column":53}},"3":{"start":{"line":4,"column":0},"end":{"line":4,"column":58}},"4":{"start":{"line":11,"column":7},"end":{"line":11,"column":null}},"5":{"start":{"line":11,"column":13},"end":{"line":11,"column":24}},"6":{"start":{"line":11,"column":13},"end":{"line":11,"column":null}}},"fnMap":{},"branchMap":{},"s":{"0":0,"1":0,"2":0,"3":0,"4":0,"5":0,"6":0},"f":{},"b":{}}
,"/home/mohanad/Documents/GitHub/loans-system/backend/src/modules/loans/loans.service.ts": {"path":"/home/mohanad/Documents/GitHub/loans-system/backend/src/modules/loans/loans.service.ts","statementMap":{"0":{"start":{"line":1,"column":0},"end":{"line":1,"column":44}},"1":{"start":{"line":2,"column":0},"end":{"line":2,"column":60}},"2":{"start":{"line":5,"column":7},"end":{"line":66,"column":null}},"3":{"start":{"line":6,"column":24},"end":{"line":6,"column":32}},"4":{"start":{"line":9,"column":27},"end":{"line":9,"column":29}},"5":{"start":{"line":11,"column":8},"end":{"line":13,"column":9}},"6":{"start":{"line":12,"column":12},"end":{"line":12,"column":42}},"7":{"start":{"line":15,"column":8},"end":{"line":19,"column":9}},"8":{"start":{"line":16,"column":12},"end":{"line":18,"column":14}},"9":{"start":{"line":21,"column":22},"end":{"line":21,"column":61}},"10":{"start":{"line":22,"column":21},"end":{"line":26,"column":10}},"11":{"start":{"line":27,"column":8},"end":{"line":27,"column":31}},"12":{"start":{"line":31,"column":8},"end":{"line":37,"column":11}},"13":{"start":{"line":42,"column":21},"end":{"line":48,"column":10}},"14":{"start":{"line":50,"column":8},"end":{"line":50,"column":29}},"15":{"start":{"line":50,"column":19},"end":{"line":50,"column":29}},"16":{"start":{"line":52,"column":31},"end":{"line":55,"column":25}},"17":{"start":{"line":54,"column":38},"end":{"line":54,"column":42}},"18":{"start":{"line":57,"column":8},"end":{"line":64,"column":11}},"19":{"start":{"line":5,"column":13},"end":{"line":5,"column":25}},"20":{"start":{"line":5,"column":13},"end":{"line":66,"column":null}}},"fnMap":{"0":{"name":"(anonymous_2)","decl":{"start":{"line":6,"column":4},"end":{"line":6,"column":24}},"loc":{"start":{"line":6,"column":45},"end":{"line":6,"column":50}}},"1":{"name":"(anonymous_3)","decl":{"start":{"line":8,"column":4},"end":{"line":8,"column":9}},"loc":{"start":{"line":8,"column":76},"end":{"line":28,"column":5}}},"2":{"name":"(anonymous_4)","decl":{"start":{"line":30,"column":4},"end":{"line":30,"column":9}},"loc":{"start":{"line":30,"column":28},"end":{"line":38,"column":5}}},"3":{"name":"(anonymous_5)","decl":{"start":{"line":40,"column":4},"end":{"line":40,"column":9}},"loc":{"start":{"line":40,"column":34},"end":{"line":65,"column":5}}},"4":{"name":"(anonymous_6)","decl":{"start":{"line":54,"column":33},"end":{"line":54,"column":34}},"loc":{"start":{"line":54,"column":38},"end":{"line":54,"column":42}}}},"branchMap":{"0":{"loc":{"start":{"line":11,"column":8},"end":{"line":13,"column":9}},"type":"if","locations":[{"start":{"line":11,"column":8},"end":{"line":13,"column":9}},{"start":{},"end":{}}]},"1":{"loc":{"start":{"line":15,"column":8},"end":{"line":19,"column":9}},"type":"if","locations":[{"start":{"line":15,"column":8},"end":{"line":19,"column":9}},{"start":{},"end":{}}]},"2":{"loc":{"start":{"line":50,"column":8},"end":{"line":50,"column":29}},"type":"if","locations":[{"start":{"line":50,"column":8},"end":{"line":50,"column":29}},{"start":{},"end":{}}]},"3":{"loc":{"start":{"line":6,"column":32},"end":{"line":6,"column":49}},"type":"cond-expr","locations":[{"start":{"line":6,"column":45},"end":{"line":6,"column":49}},{"start":{"line":6,"column":45},"end":{"line":6,"column":49}}]},"4":{"loc":{"start":{"line":6,"column":32},"end":{"line":6,"column":45}},"type":"binary-expr","locations":[{"start":{"line":6,"column":32},"end":{"line":6,"column":49}},{"start":{"line":6,"column":32},"end":{"line":6,"column":45}}]}},"s":{"0":2,"1":2,"2":2,"3":9,"4":4,"5":4,"6":2,"7":4,"8":2,"9":4,"10":4,"11":4,"12":2,"13":3,"14":3,"15":1,"16":2,"17":3,"18":2,"19":2,"20":2},"f":{"0":9,"1":4,"2":2,"3":3,"4":3},"b":{"0":[2,2],"1":[2,2],"2":[1,2],"3":[2,0],"4":[2,2]}}
,"/home/mohanad/Documents/GitHub/loans-system/backend/src/modules/repayments/repayments.controller.ts": {"path":"/home/mohanad/Documents/GitHub/loans-system/backend/src/modules/repayments/repayments.controller.ts","statementMap":{"0":{"start":{"line":1,"column":0},"end":{"line":1,"column":95}},"1":{"start":{"line":2,"column":0},"end":{"line":2,"column":57}},"2":{"start":{"line":3,"column":0},"end":{"line":3,"column":64}},"3":{"start":{"line":7,"column":7},"end":{"line":38,"column":null}},"4":{"start":{"line":8,"column":33},"end":{"line":8,"column":52}},"5":{"start":{"line":12,"column":32},"end":{"line":12,"column":70}},"6":{"start":{"line":13,"column":8},"end":{"line":13,"column":69}},"7":{"start":{"line":14,"column":8},"end":{"line":14,"column":51}},"8":{"start":{"line":15,"column":8},"end":{"line":15,"column":30}},"9":{"start":{"line":20,"column":8},"end":{"line":20,"column":57}},"10":{"start":{"line":25,"column":8},"end":{"line":25,"column":58}},"11":{"start":{"line":30,"column":8},"end":{"line":30,"column":59}},"12":{"start":{"line":36,"column":8},"end":{"line":36,"column":74}},"13":{"start":{"line":7,"column":13},"end":{"line":7,"column":33}},"14":{"start":{"line":11,"column":10},"end":{"line":16,"column":null}},"15":{"start":{"line":19,"column":10},"end":{"line":21,"column":null}},"16":{"start":{"line":24,"column":10},"end":{"line":26,"column":null}},"17":{"start":{"line":29,"column":10},"end":{"line":31,"column":null}},"18":{"start":{"line":35,"column":10},"end":{"line":37,"column":null}},"19":{"start":{"line":7,"column":13},"end":{"line":38,"column":null}}},"fnMap":{"0":{"name":"(anonymous_4)","decl":{"start":{"line":8,"column":4},"end":{"line":8,"column":33}},"loc":{"start":{"line":8,"column":69},"end":{"line":8,"column":74}}},"1":{"name":"(anonymous_5)","decl":{"start":{"line":11,"column":10},"end":{"line":11,"column":17}},"loc":{"start":{"line":11,"column":38},"end":{"line":16,"column":5}}},"2":{"name":"(anonymous_6)","decl":{"start":{"line":19,"column":10},"end":{"line":19,"column":20}},"loc":{"start":{"line":19,"column":52},"end":{"line":21,"column":5}}},"3":{"name":"(anonymous_7)","decl":{"start":{"line":24,"column":10},"end":{"line":24,"column":21}},"loc":{"start":{"line":24,"column":53},"end":{"line":26,"column":5}}},"4":{"name":"(anonymous_8)","decl":{"start":{"line":29,"column":10},"end":{"line":29,"column":22}},"loc":{"start":{"line":29,"column":54},"end":{"line":31,"column":5}}},"5":{"name":"(anonymous_9)","decl":{"start":{"line":35,"column":10},"end":{"line":35,"column":16}},"loc":{"start":{"line":35,"column":63},"end":{"line":37,"column":5}}}},"branchMap":{"0":{"loc":{"start":{"line":35,"column":45},"end":{"line":35,"column":null}},"type":"cond-expr","locations":[{"start":{"line":35,"column":63},"end":{"line":35,"column":null}},{"start":{"line":35,"column":63},"end":{"line":35,"column":null}}]},"1":{"loc":{"start":{"line":35,"column":45},"end":{"line":35,"column":63}},"type":"binary-expr","locations":[{"start":{"line":35,"column":45},"end":{"line":35,"column":null}},{"start":{"line":35,"column":45},"end":{"line":35,"column":63}}]},"2":{"loc":{"start":{"line":8,"column":52},"end":{"line":8,"column":73}},"type":"cond-expr","locations":[{"start":{"line":8,"column":69},"end":{"line":8,"column":73}},{"start":{"line":8,"column":69},"end":{"line":8,"column":73}}]},"3":{"loc":{"start":{"line":8,"column":52},"end":{"line":8,"column":69}},"type":"binary-expr","locations":[{"start":{"line":8,"column":52},"end":{"line":8,"column":73}},{"start":{"line":8,"column":52},"end":{"line":8,"column":69}}]}},"s":{"0":1,"1":1,"2":1,"3":1,"4":1,"5":0,"6":0,"7":0,"8":0,"9":0,"10":0,"11":0,"12":0,"13":1,"14":1,"15":1,"16":1,"17":1,"18":1,"19":1},"f":{"0":1,"1":0,"2":0,"3":0,"4":0,"5":0},"b":{"0":[1,0],"1":[1,1],"2":[1,0],"3":[1,1]}}
,"/home/mohanad/Documents/GitHub/loans-system/backend/src/modules/repayments/repayments.module.ts": {"path":"/home/mohanad/Documents/GitHub/loans-system/backend/src/modules/repayments/repayments.module.ts","statementMap":{"0":{"start":{"line":1,"column":0},"end":{"line":1,"column":40}},"1":{"start":{"line":2,"column":0},"end":{"line":2,"column":63}},"2":{"start":{"line":3,"column":0},"end":{"line":3,"column":57}},"3":{"start":{"line":9,"column":7},"end":{"line":9,"column":null}},"4":{"start":{"line":9,"column":13},"end":{"line":9,"column":29}},"5":{"start":{"line":9,"column":13},"end":{"line":9,"column":null}}},"fnMap":{},"branchMap":{},"s":{"0":0,"1":0,"2":0,"3":0,"4":0,"5":0},"f":{},"b":{}}
,"/home/mohanad/Documents/GitHub/loans-system/backend/src/modules/repayments/repayments.service.ts": {"path":"/home/mohanad/Documents/GitHub/loans-system/backend/src/modules/repayments/repayments.service.ts","statementMap":{"0":{"start":{"line":1,"column":0},"end":{"line":1,"column":92}},"1":{"start":{"line":2,"column":0},"end":{"line":2,"column":60}},"2":{"start":{"line":7,"column":30},"end":{"line":206,"column":null}},"3":{"start":{"line":8,"column":30},"end":{"line":8,"column":64}},"4":{"start":{"line":10,"column":24},"end":{"line":10,"column":32}},"5":{"start":{"line":13,"column":22},"end":{"line":13,"column":55}},"6":{"start":{"line":14,"column":21},"end":{"line":16,"column":10}},"7":{"start":{"line":17,"column":8},"end":{"line":17,"column":31}},"8":{"start":{"line":21,"column":8},"end":{"line":21,"column":72}},"9":{"start":{"line":23,"column":8},"end":{"line":167,"column":11}},"10":{"start":{"line":24,"column":25},"end":{"line":30,"column":14}},"11":{"start":{"line":32,"column":12},"end":{"line":34,"column":13}},"12":{"start":{"line":33,"column":16},"end":{"line":33,"column":62}},"13":{"start":{"line":37,"column":12},"end":{"line":39,"column":13}},"14":{"start":{"line":38,"column":16},"end":{"line":38,"column":91}},"15":{"start":{"line":41,"column":12},"end":{"line":43,"column":13}},"16":{"start":{"line":42,"column":16},"end":{"line":42,"column":88}},"17":{"start":{"line":46,"column":29},"end":{"line":49,"column":14}},"18":{"start":{"line":50,"column":44},"end":{"line":50,"column":105}},"19":{"start":{"line":50,"column":72},"end":{"line":50,"column":101}},"20":{"start":{"line":51,"column":46},"end":{"line":51,"column":91}},"21":{"start":{"line":53,"column":36},"end":{"line":53,"column":83}},"22":{"start":{"line":54,"column":41},"end":{"line":54,"column":134}},"23":{"start":{"line":57,"column":30},"end":{"line":57,"column":69}},"24":{"start":{"line":58,"column":36},"end":{"line":58,"column":96}},"25":{"start":{"line":61,"column":30},"end":{"line":64,"column":14}},"26":{"start":{"line":66,"column":36},"end":{"line":66,"column":79}},"27":{"start":{"line":66,"column":56},"end":{"line":66,"column":78}},"28":{"start":{"line":68,"column":26},"end":{"line":68,"column":27}},"29":{"start":{"line":69,"column":27},"end":{"line":69,"column":28}},"30":{"start":{"line":71,"column":12},"end":{"line":76,"column":13}},"31":{"start":{"line":72,"column":16},"end":{"line":72,"column":129}},"32":{"start":{"line":73,"column":16},"end":{"line":75,"column":17}},"33":{"start":{"line":74,"column":20},"end":{"line":74,"column":54}},"34":{"start":{"line":79,"column":29},"end":{"line":79,"column":82}},"35":{"start":{"line":80,"column":12},"end":{"line":82,"column":13}},"36":{"start":{"line":81,"column":16},"end":{"line":81,"column":124}},"37":{"start":{"line":85,"column":35},"end":{"line":85,"column":46}},"38":{"start":{"line":87,"column":33},"end":{"line":87,"column":76}},"39":{"start":{"line":88,"column":12},"end":{"line":88,"column":45}},"40":{"start":{"line":90,"column":32},"end":{"line":90,"column":67}},"41":{"start":{"line":91,"column":12},"end":{"line":91,"column":44}},"42":{"start":{"line":93,"column":34},"end":{"line":93,"column":50}},"43":{"start":{"line":95,"column":28},"end":{"line":106,"column":14}},"44":{"start":{"line":109,"column":42},"end":{"line":109,"column":81}},"45":{"start":{"line":111,"column":12},"end":{"line":134,"column":13}},"46":{"start":{"line":112,"column":42},"end":{"line":112,"column":74}},"47":{"start":{"line":114,"column":16},"end":{"line":133,"column":17}},"48":{"start":{"line":115,"column":20},"end":{"line":123,"column":21}},"49":{"start":{"line":116,"column":24},"end":{"line":122,"column":27}},"50":{"start":{"line":124,"column":20},"end":{"line":124,"column":65}},"51":{"start":{"line":126,"column":20},"end":{"line":131,"column":21}},"52":{"start":{"line":127,"column":24},"end":{"line":130,"column":27}},"53":{"start":{"line":132,"column":20},"end":{"line":132,"column":48}},"54":{"start":{"line":137,"column":39},"end":{"line":139,"column":14}},"55":{"start":{"line":141,"column":12},"end":{"line":146,"column":13}},"56":{"start":{"line":142,"column":16},"end":{"line":145,"column":19}},"57":{"start":{"line":149,"column":12},"end":{"line":163,"column":15}},"58":{"start":{"line":165,"column":12},"end":{"line":165,"column":74}},"59":{"start":{"line":166,"column":12},"end":{"line":166,"column":27}},"60":{"start":{"line":171,"column":8},"end":{"line":174,"column":11}},"61":{"start":{"line":178,"column":8},"end":{"line":181,"column":11}},"62":{"start":{"line":186,"column":26},"end":{"line":192,"column":10}},"63":{"start":{"line":194,"column":25},"end":{"line":194,"column":116}},"64":{"start":{"line":194,"column":54},"end":{"line":194,"column":112}},"65":{"start":{"line":196,"column":8},"end":{"line":204,"column":10}},"66":{"start":{"line":201,"column":56},"end":{"line":201,"column":87}},"67":{"start":{"line":202,"column":55},"end":{"line":202,"column":85}},"68":{"start":{"line":7,"column":13},"end":{"line":7,"column":30}},"69":{"start":{"line":7,"column":13},"end":{"line":206,"column":null}}},"fnMap":{"0":{"name":"(anonymous_2)","decl":{"start":{"line":10,"column":4},"end":{"line":10,"column":24}},"loc":{"start":{"line":10,"column":45},"end":{"line":10,"column":50}}},"1":{"name":"(anonymous_3)","decl":{"start":{"line":12,"column":4},"end":{"line":12,"column":9}},"loc":{"start":{"line":12,"column":17},"end":{"line":18,"column":5}}},"2":{"name":"(anonymous_4)","decl":{"start":{"line":20,"column":4},"end":{"line":20,"column":9}},"loc":{"start":{"line":20,"column":50},"end":{"line":168,"column":5}}},"3":{"name":"(anonymous_5)","decl":{"start":{"line":23,"column":46},"end":{"line":23,"column":51}},"loc":{"start":{"line":23,"column":63},"end":{"line":167,"column":9}}},"4":{"name":"(anonymous_6)","decl":{"start":{"line":50,"column":60},"end":{"line":50,"column":61}},"loc":{"start":{"line":50,"column":72},"end":{"line":50,"column":101}}},"5":{"name":"(anonymous_7)","decl":{"start":{"line":66,"column":51},"end":{"line":66,"column":52}},"loc":{"start":{"line":66,"column":56},"end":{"line":66,"column":78}}},"6":{"name":"(anonymous_8)","decl":{"start":{"line":170,"column":4},"end":{"line":170,"column":9}},"loc":{"start":{"line":170,"column":35},"end":{"line":175,"column":5}}},"7":{"name":"(anonymous_9)","decl":{"start":{"line":177,"column":4},"end":{"line":177,"column":9}},"loc":{"start":{"line":177,"column":36},"end":{"line":182,"column":5}}},"8":{"name":"(anonymous_10)","decl":{"start":{"line":184,"column":4},"end":{"line":184,"column":9}},"loc":{"start":{"line":184,"column":37},"end":{"line":205,"column":5}}},"9":{"name":"(anonymous_11)","decl":{"start":{"line":194,"column":42},"end":{"line":194,"column":43}},"loc":{"start":{"line":194,"column":54},"end":{"line":194,"column":112}}},"10":{"name":"(anonymous_12)","decl":{"start":{"line":201,"column":44},"end":{"line":201,"column":45}},"loc":{"start":{"line":201,"column":56},"end":{"line":201,"column":87}}},"11":{"name":"(anonymous_13)","decl":{"start":{"line":202,"column":43},"end":{"line":202,"column":44}},"loc":{"start":{"line":202,"column":55},"end":{"line":202,"column":85}}}},"branchMap":{"0":{"loc":{"start":{"line":32,"column":12},"end":{"line":34,"column":13}},"type":"if","locations":[{"start":{"line":32,"column":12},"end":{"line":34,"column":13}},{"start":{},"end":{}}]},"1":{"loc":{"start":{"line":37,"column":12},"end":{"line":39,"column":13}},"type":"if","locations":[{"start":{"line":37,"column":12},"end":{"line":39,"column":13}},{"start":{},"end":{}}]},"2":{"loc":{"start":{"line":41,"column":12},"end":{"line":43,"column":13}},"type":"if","locations":[{"start":{"line":41,"column":12},"end":{"line":43,"column":13}},{"start":{},"end":{}}]},"3":{"loc":{"start":{"line":41,"column":16},"end":{"line":41,"column":71}},"type":"binary-expr","locations":[{"start":{"line":41,"column":16},"end":{"line":41,"column":40}},{"start":{"line":41,"column":44},"end":{"line":41,"column":71}}]},"4":{"loc":{"start":{"line":53,"column":36},"end":{"line":53,"column":83}},"type":"binary-expr","locations":[{"start":{"line":53,"column":36},"end":{"line":53,"column":65}},{"start":{"line":53,"column":69},"end":{"line":53,"column":83}}]},"5":{"loc":{"start":{"line":71,"column":12},"end":{"line":76,"column":13}},"type":"if","locations":[{"start":{"line":71,"column":12},"end":{"line":76,"column":13}},{"start":{},"end":{}}]},"6":{"loc":{"start":{"line":71,"column":16},"end":{"line":71,"column":71}},"type":"binary-expr","locations":[{"start":{"line":71,"column":16},"end":{"line":71,"column":31}},{"start":{"line":71,"column":35},"end":{"line":71,"column":71}}]},"7":{"loc":{"start":{"line":73,"column":16},"end":{"line":75,"column":17}},"type":"if","locations":[{"start":{"line":73,"column":16},"end":{"line":75,"column":17}},{"start":{},"end":{}}]},"8":{"loc":{"start":{"line":74,"column":30},"end":{"line":74,"column":53}},"type":"cond-expr","locations":[{"start":{"line":74,"column":46},"end":{"line":74,"column":48}},{"start":{"line":74,"column":51},"end":{"line":74,"column":53}}]},"9":{"loc":{"start":{"line":80,"column":12},"end":{"line":82,"column":13}},"type":"if","locations":[{"start":{"line":80,"column":12},"end":{"line":82,"column":13}},{"start":{},"end":{}}]},"10":{"loc":{"start":{"line":114,"column":16},"end":{"line":133,"column":17}},"type":"if","locations":[{"start":{"line":114,"column":16},"end":{"line":133,"column":17}},{"start":{"line":125,"column":23},"end":{"line":133,"column":17}}]},"11":{"loc":{"start":{"line":115,"column":20},"end":{"line":123,"column":21}},"type":"if","locations":[{"start":{"line":115,"column":20},"end":{"line":123,"column":21}},{"start":{},"end":{}}]},"12":{"loc":{"start":{"line":126,"column":20},"end":{"line":131,"column":21}},"type":"if","locations":[{"start":{"line":126,"column":20},"end":{"line":131,"column":21}},{"start":{},"end":{}}]},"13":{"loc":{"start":{"line":141,"column":12},"end":{"line":146,"column":13}},"type":"if","locations":[{"start":{"line":141,"column":12},"end":{"line":146,"column":13}},{"start":{},"end":{}}]},"14":{"loc":{"start":{"line":10,"column":32},"end":{"line":10,"column":49}},"type":"cond-expr","locations":[{"start":{"line":10,"column":45},"end":{"line":10,"column":49}},{"start":{"line":10,"column":45},"end":{"line":10,"column":49}}]},"15":{"loc":{"start":{"line":10,"column":32},"end":{"line":10,"column":45}},"type":"binary-expr","locations":[{"start":{"line":10,"column":32},"end":{"line":10,"column":49}},{"start":{"line":10,"column":32},"end":{"line":10,"column":45}}]}},"s":{"0":2,"1":2,"2":2,"3":5,"4":5,"5":0,"6":0,"7":0,"8":5,"9":5,"10":5,"11":5,"12":1,"13":4,"14":0,"15":4,"16":0,"17":4,"18":4,"19":0,"20":4,"21":4,"22":4,"23":4,"24":4,"25":4,"26":4,"27":4,"28":4,"29":4,"30":4,"31":3,"32":3,"33":2,"34":4,"35":4,"36":0,"37":4,"38":4,"39":4,"40":4,"41":4,"42":4,"43":4,"44":4,"45":4,"46":4,"47":4,"48":3,"49":3,"50":3,"51":1,"52":0,"53":1,"54":4,"55":4,"56":4,"57":4,"58":4,"59":4,"60":0,"61":0,"62":0,"63":0,"64":0,"65":0,"66":0,"67":0,"68":2,"69":2},"f":{"0":5,"1":0,"2":5,"3":5,"4":0,"5":4,"6":0,"7":0,"8":0,"9":0,"10":0,"11":0},"b":{"0":[1,4],"1":[0,4],"2":[0,4],"3":[4,0],"4":[4,4],"5":[3,1],"6":[4,4],"7":[2,1],"8":[0,2],"9":[0,4],"10":[3,1],"11":[3,0],"12":[0,1],"13":[4,0],"14":[2,0],"15":[2,2]}}
,"/home/mohanad/Documents/GitHub/loans-system/backend/src/modules/repayments/dto/create-repayment.dto.ts": {"path":"/home/mohanad/Documents/GitHub/loans-system/backend/src/modules/repayments/dto/create-repayment.dto.ts","statementMap":{"0":{"start":{"line":1,"column":0},"end":{"line":1,"column":73}},"1":{"start":{"line":3,"column":0},"end":{"line":3,"column":13}},"2":{"start":{"line":6,"column":4},"end":{"line":6,"column":null}},"3":{"start":{"line":10,"column":4},"end":{"line":10,"column":null}}},"fnMap":{},"branchMap":{},"s":{"0":1,"1":1,"2":1,"3":1},"f":{},"b":{}}
,"/home/mohanad/Documents/GitHub/loans-system/backend/src/modules/rollbacks/rollbacks.controller.ts": {"path":"/home/mohanad/Documents/GitHub/loans-system/backend/src/modules/rollbacks/rollbacks.controller.ts","statementMap":{"0":{"start":{"line":1,"column":0},"end":{"line":1,"column":88}},"1":{"start":{"line":2,"column":0},"end":{"line":2,"column":55}},"2":{"start":{"line":3,"column":0},"end":{"line":3,"column":72}},"3":{"start":{"line":7,"column":7},"end":{"line":23,"column":null}},"4":{"start":{"line":8,"column":33},"end":{"line":8,"column":51}},"5":{"start":{"line":12,"column":32},"end":{"line":12,"column":69}},"6":{"start":{"line":13,"column":8},"end":{"line":13,"column":66}},"7":{"start":{"line":14,"column":8},"end":{"line":14,"column":51}},"8":{"start":{"line":15,"column":8},"end":{"line":15,"column":30}},"9":{"start":{"line":21,"column":8},"end":{"line":21,"column":81}},"10":{"start":{"line":7,"column":13},"end":{"line":7,"column":32}},"11":{"start":{"line":11,"column":10},"end":{"line":16,"column":null}},"12":{"start":{"line":20,"column":10},"end":{"line":22,"column":null}},"13":{"start":{"line":7,"column":13},"end":{"line":23,"column":null}}},"fnMap":{"0":{"name":"(anonymous_4)","decl":{"start":{"line":8,"column":4},"end":{"line":8,"column":33}},"loc":{"start":{"line":8,"column":67},"end":{"line":8,"column":72}}},"1":{"name":"(anonymous_5)","decl":{"start":{"line":11,"column":10},"end":{"line":11,"column":17}},"loc":{"start":{"line":11,"column":38},"end":{"line":16,"column":5}}},"2":{"name":"(anonymous_6)","decl":{"start":{"line":20,"column":10},"end":{"line":20,"column":16}},"loc":{"start":{"line":20,"column":71},"end":{"line":22,"column":5}}}},"branchMap":{"0":{"loc":{"start":{"line":20,"column":49},"end":{"line":20,"column":null}},"type":"cond-expr","locations":[{"start":{"line":20,"column":71},"end":{"line":20,"column":null}},{"start":{"line":20,"column":71},"end":{"line":20,"column":null}}]},"1":{"loc":{"start":{"line":20,"column":49},"end":{"line":20,"column":71}},"type":"binary-expr","locations":[{"start":{"line":20,"column":49},"end":{"line":20,"column":null}},{"start":{"line":20,"column":49},"end":{"line":20,"column":71}}]},"2":{"loc":{"start":{"line":8,"column":51},"end":{"line":8,"column":71}},"type":"cond-expr","locations":[{"start":{"line":8,"column":67},"end":{"line":8,"column":71}},{"start":{"line":8,"column":67},"end":{"line":8,"column":71}}]},"3":{"loc":{"start":{"line":8,"column":51},"end":{"line":8,"column":67}},"type":"binary-expr","locations":[{"start":{"line":8,"column":51},"end":{"line":8,"column":71}},{"start":{"line":8,"column":51},"end":{"line":8,"column":67}}]}},"s":{"0":1,"1":1,"2":1,"3":1,"4":1,"5":0,"6":0,"7":0,"8":0,"9":0,"10":1,"11":1,"12":1,"13":1},"f":{"0":1,"1":0,"2":0},"b":{"0":[1,0],"1":[1,1],"2":[1,0],"3":[1,1]}}
,"/home/mohanad/Documents/GitHub/loans-system/backend/src/modules/rollbacks/rollbacks.module.ts": {"path":"/home/mohanad/Documents/GitHub/loans-system/backend/src/modules/rollbacks/rollbacks.module.ts","statementMap":{"0":{"start":{"line":1,"column":0},"end":{"line":1,"column":40}},"1":{"start":{"line":2,"column":0},"end":{"line":2,"column":55}},"2":{"start":{"line":3,"column":0},"end":{"line":3,"column":61}},"3":{"start":{"line":4,"column":0},"end":{"line":4,"column":58}},"4":{"start":{"line":12,"column":7},"end":{"line":12,"column":null}},"5":{"start":{"line":12,"column":13},"end":{"line":12,"column":28}},"6":{"start":{"line":12,"column":13},"end":{"line":12,"column":null}}},"fnMap":{},"branchMap":{},"s":{"0":0,"1":0,"2":0,"3":0,"4":0,"5":0,"6":0},"f":{},"b":{}}
,"/home/mohanad/Documents/GitHub/loans-system/backend/src/modules/rollbacks/rollbacks.service.ts": {"path":"/home/mohanad/Documents/GitHub/loans-system/backend/src/modules/rollbacks/rollbacks.service.ts","statementMap":{"0":{"start":{"line":1,"column":0},"end":{"line":1,"column":92}},"1":{"start":{"line":2,"column":0},"end":{"line":2,"column":60}},"2":{"start":{"line":6,"column":29},"end":{"line":172,"column":null}},"3":{"start":{"line":7,"column":30},"end":{"line":7,"column":63}},"4":{"start":{"line":9,"column":24},"end":{"line":9,"column":32}},"5":{"start":{"line":12,"column":22},"end":{"line":12,"column":62}},"6":{"start":{"line":13,"column":21},"end":{"line":15,"column":10}},"7":{"start":{"line":16,"column":8},"end":{"line":16,"column":31}},"8":{"start":{"line":20,"column":8},"end":{"line":20,"column":85}},"9":{"start":{"line":22,"column":8},"end":{"line":170,"column":11}},"10":{"start":{"line":24,"column":33},"end":{"line":24,"column":107}},"11":{"start":{"line":26,"column":58},"end":{"line":26,"column":62}},"12":{"start":{"line":27,"column":38},"end":{"line":27,"column":42}},"13":{"start":{"line":29,"column":12},"end":{"line":38,"column":13}},"14":{"start":{"line":30,"column":16},"end":{"line":30,"column":38}},"15":{"start":{"line":31,"column":16},"end":{"line":31,"column":46}},"16":{"start":{"line":33,"column":32},"end":{"line":33,"column":101}},"17":{"start":{"line":34,"column":16},"end":{"line":37,"column":17}},"18":{"start":{"line":35,"column":20},"end":{"line":35,"column":37}},"19":{"start":{"line":36,"column":20},"end":{"line":36,"column":45}},"20":{"start":{"line":40,"column":12},"end":{"line":42,"column":13}},"21":{"start":{"line":41,"column":16},"end":{"line":41,"column":69}},"22":{"start":{"line":44,"column":12},"end":{"line":46,"column":13}},"23":{"start":{"line":45,"column":16},"end":{"line":45,"column":81}},"24":{"start":{"line":48,"column":12},"end":{"line":50,"column":13}},"25":{"start":{"line":49,"column":16},"end":{"line":49,"column":81}},"26":{"start":{"line":52,"column":47},"end":{"line":52,"column":49}},"27":{"start":{"line":54,"column":12},"end":{"line":141,"column":13}},"28":{"start":{"line":56,"column":16},"end":{"line":59,"column":19}},"29":{"start":{"line":60,"column":16},"end":{"line":60,"column":106}},"30":{"start":{"line":63,"column":16},"end":{"line":66,"column":19}},"31":{"start":{"line":67,"column":16},"end":{"line":67,"column":83}},"32":{"start":{"line":70,"column":16},"end":{"line":73,"column":19}},"33":{"start":{"line":74,"column":16},"end":{"line":74,"column":68}},"34":{"start":{"line":76,"column":19},"end":{"line":141,"column":13}},"35":{"start":{"line":79,"column":16},"end":{"line":82,"column":19}},"36":{"start":{"line":83,"column":16},"end":{"line":83,"column":101}},"37":{"start":{"line":85,"column":42},"end":{"line":92,"column":18}},"38":{"start":{"line":95,"column":29},"end":{"line":95,"column":99}},"39":{"start":{"line":98,"column":43},"end":{"line":98,"column":113}},"40":{"start":{"line":98,"column":80},"end":{"line":98,"column":109}},"41":{"start":{"line":101,"column":34},"end":{"line":104,"column":18}},"42":{"start":{"line":107,"column":41},"end":{"line":107,"column":59}},"43":{"start":{"line":108,"column":16},"end":{"line":126,"column":17}},"44":{"start":{"line":109,"column":46},"end":{"line":109,"column":78}},"45":{"start":{"line":111,"column":20},"end":{"line":125,"column":21}},"46":{"start":{"line":113,"column":24},"end":{"line":116,"column":27}},"47":{"start":{"line":117,"column":24},"end":{"line":117,"column":64}},"48":{"start":{"line":120,"column":24},"end":{"line":123,"column":27}},"49":{"start":{"line":124,"column":24},"end":{"line":124,"column":47}},"50":{"start":{"line":129,"column":43},"end":{"line":131,"column":18}},"51":{"start":{"line":133,"column":16},"end":{"line":138,"column":17}},"52":{"start":{"line":134,"column":20},"end":{"line":137,"column":23}},"53":{"start":{"line":140,"column":16},"end":{"line":140,"column":89}},"54":{"start":{"line":144,"column":35},"end":{"line":152,"column":14}},"55":{"start":{"line":155,"column":12},"end":{"line":166,"column":15}},"56":{"start":{"line":168,"column":12},"end":{"line":168,"column":88}},"57":{"start":{"line":169,"column":12},"end":{"line":169,"column":34}},"58":{"start":{"line":6,"column":13},"end":{"line":6,"column":29}},"59":{"start":{"line":6,"column":13},"end":{"line":172,"column":null}}},"fnMap":{"0":{"name":"(anonymous_2)","decl":{"start":{"line":9,"column":4},"end":{"line":9,"column":24}},"loc":{"start":{"line":9,"column":45},"end":{"line":9,"column":50}}},"1":{"name":"(anonymous_3)","decl":{"start":{"line":11,"column":4},"end":{"line":11,"column":9}},"loc":{"start":{"line":11,"column":17},"end":{"line":17,"column":5}}},"2":{"name":"(anonymous_4)","decl":{"start":{"line":19,"column":4},"end":{"line":19,"column":9}},"loc":{"start":{"line":19,"column":58},"end":{"line":171,"column":5}}},"3":{"name":"(anonymous_5)","decl":{"start":{"line":22,"column":46},"end":{"line":22,"column":51}},"loc":{"start":{"line":22,"column":63},"end":{"line":170,"column":9}}},"4":{"name":"(anonymous_6)","decl":{"start":{"line":98,"column":68},"end":{"line":98,"column":69}},"loc":{"start":{"line":98,"column":80},"end":{"line":98,"column":109}}}},"branchMap":{"0":{"loc":{"start":{"line":29,"column":12},"end":{"line":38,"column":13}},"type":"if","locations":[{"start":{"line":29,"column":12},"end":{"line":38,"column":13}},{"start":{"line":32,"column":19},"end":{"line":38,"column":13}}]},"1":{"loc":{"start":{"line":34,"column":16},"end":{"line":37,"column":17}},"type":"if","locations":[{"start":{"line":34,"column":16},"end":{"line":37,"column":17}},{"start":{},"end":{}}]},"2":{"loc":{"start":{"line":40,"column":12},"end":{"line":42,"column":13}},"type":"if","locations":[{"start":{"line":40,"column":12},"end":{"line":42,"column":13}},{"start":{},"end":{}}]},"3":{"loc":{"start":{"line":44,"column":12},"end":{"line":46,"column":13}},"type":"if","locations":[{"start":{"line":44,"column":12},"end":{"line":46,"column":13}},{"start":{},"end":{}}]},"4":{"loc":{"start":{"line":44,"column":16},"end":{"line":44,"column":70}},"type":"binary-expr","locations":[{"start":{"line":44,"column":16},"end":{"line":44,"column":39}},{"start":{"line":44,"column":43},"end":{"line":44,"column":70}}]},"5":{"loc":{"start":{"line":48,"column":12},"end":{"line":50,"column":13}},"type":"if","locations":[{"start":{"line":48,"column":12},"end":{"line":50,"column":13}},{"start":{},"end":{}}]},"6":{"loc":{"start":{"line":48,"column":16},"end":{"line":48,"column":65}},"type":"binary-expr","locations":[{"start":{"line":48,"column":16},"end":{"line":48,"column":34}},{"start":{"line":48,"column":38},"end":{"line":48,"column":65}}]},"7":{"loc":{"start":{"line":54,"column":12},"end":{"line":141,"column":13}},"type":"if","locations":[{"start":{"line":54,"column":12},"end":{"line":141,"column":13}},{"start":{"line":76,"column":19},"end":{"line":141,"column":13}}]},"8":{"loc":{"start":{"line":76,"column":19},"end":{"line":141,"column":13}},"type":"if","locations":[{"start":{"line":76,"column":19},"end":{"line":141,"column":13}},{"start":{},"end":{}}]},"9":{"loc":{"start":{"line":111,"column":20},"end":{"line":125,"column":21}},"type":"if","locations":[{"start":{"line":111,"column":20},"end":{"line":125,"column":21}},{"start":{"line":118,"column":27},"end":{"line":125,"column":21}}]},"10":{"loc":{"start":{"line":133,"column":16},"end":{"line":138,"column":17}},"type":"if","locations":[{"start":{"line":133,"column":16},"end":{"line":138,"column":17}},{"start":{},"end":{}}]},"11":{"loc":{"start":{"line":133,"column":20},"end":{"line":133,"column":74}},"type":"binary-expr","locations":[{"start":{"line":133,"column":20},"end":{"line":133,"column":42}},{"start":{"line":133,"column":46},"end":{"line":133,"column":74}}]},"12":{"loc":{"start":{"line":9,"column":32},"end":{"line":9,"column":49}},"type":"cond-expr","locations":[{"start":{"line":9,"column":45},"end":{"line":9,"column":49}},{"start":{"line":9,"column":45},"end":{"line":9,"column":49}}]},"13":{"loc":{"start":{"line":9,"column":32},"end":{"line":9,"column":45}},"type":"binary-expr","locations":[{"start":{"line":9,"column":32},"end":{"line":9,"column":49}},{"start":{"line":9,"column":32},"end":{"line":9,"column":45}}]}},"s":{"0":3,"1":3,"2":3,"3":5,"4":5,"5":0,"6":0,"7":0,"8":5,"9":5,"10":5,"11":5,"12":5,"13":5,"14":3,"15":3,"16":2,"17":2,"18":1,"19":1,"20":5,"21":1,"22":4,"23":1,"24":3,"25":0,"26":3,"27":3,"28":2,"29":2,"30":2,"31":2,"32":2,"33":2,"34":1,"35":1,"36":1,"37":1,"38":1,"39":1,"40":0,"41":1,"42":1,"43":1,"44":1,"45":1,"46":0,"47":0,"48":1,"49":1,"50":1,"51":1,"52":0,"53":1,"54":3,"55":3,"56":3,"57":3,"58":3,"59":3},"f":{"0":5,"1":0,"2":5,"3":5,"4":0},"b":{"0":[3,2],"1":[1,1],"2":[1,4],"3":[1,3],"4":[4,3],"5":[0,3],"6":[3,1],"7":[2,1],"8":[1,0],"9":[0,1],"10":[0,1],"11":[1,0],"12":[3,0],"13":[3,3]}}
,"/home/mohanad/Documents/GitHub/loans-system/backend/src/modules/rollbacks/dto/rollback-transaction.dto.ts": {"path":"/home/mohanad/Documents/GitHub/loans-system/backend/src/modules/rollbacks/dto/rollback-transaction.dto.ts","statementMap":{"0":{"start":{"line":1,"column":0},"end":{"line":1,"column":63}},"1":{"start":{"line":3,"column":0},"end":{"line":3,"column":13}},"2":{"start":{"line":6,"column":4},"end":{"line":6,"column":null}},"3":{"start":{"line":10,"column":4},"end":{"line":10,"column":null}}},"fnMap":{},"branchMap":{},"s":{"0":1,"1":1,"2":1,"3":1},"f":{},"b":{}}
,"/home/mohanad/Documents/GitHub/loans-system/backend/src/prisma/prisma.module.ts": {"path":"/home/mohanad/Documents/GitHub/loans-system/backend/src/prisma/prisma.module.ts","statementMap":{"0":{"start":{"line":1,"column":0},"end":{"line":1,"column":48}},"1":{"start":{"line":2,"column":0},"end":{"line":2,"column":49}},"2":{"start":{"line":9,"column":7},"end":{"line":9,"column":null}},"3":{"start":{"line":9,"column":13},"end":{"line":9,"column":25}},"4":{"start":{"line":9,"column":13},"end":{"line":9,"column":null}}},"fnMap":{},"branchMap":{},"s":{"0":0,"1":0,"2":0,"3":0,"4":0},"f":{},"b":{}}
,"/home/mohanad/Documents/GitHub/loans-system/backend/src/prisma/prisma.service.ts": {"path":"/home/mohanad/Documents/GitHub/loans-system/backend/src/prisma/prisma.service.ts","statementMap":{"0":{"start":{"line":1,"column":0},"end":{"line":1,"column":75}},"1":{"start":{"line":2,"column":0},"end":{"line":2,"column":46}},"2":{"start":{"line":5,"column":7},"end":{"line":13,"column":null}},"3":{"start":{"line":7,"column":8},"end":{"line":7,"column":30}},"4":{"start":{"line":11,"column":8},"end":{"line":11,"column":33}},"5":{"start":{"line":5,"column":13},"end":{"line":5,"column":26}},"6":{"start":{"line":5,"column":13},"end":{"line":13,"column":null}}},"fnMap":{"0":{"name":"(anonymous_1)","decl":{"start":{"line":6,"column":4},"end":{"line":6,"column":9}},"loc":{"start":{"line":6,"column":22},"end":{"line":8,"column":5}}},"1":{"name":"(anonymous_2)","decl":{"start":{"line":10,"column":4},"end":{"line":10,"column":9}},"loc":{"start":{"line":10,"column":25},"end":{"line":12,"column":5}}}},"branchMap":{},"s":{"0":10,"1":10,"2":10,"3":0,"4":0,"5":10,"6":10},"f":{"0":0,"1":0},"b":{}}
,"/home/mohanad/Documents/GitHub/loans-system/backend/src/test/test-helpers.ts": {"path":"/home/mohanad/Documents/GitHub/loans-system/backend/src/test/test-helpers.ts","statementMap":{"0":{"start":{"line":3,"column":13},"end":{"line":46,"column":2}},"1":{"start":{"line":48,"column":38},"end":{"line":55,"column":2}},"2":{"start":{"line":48,"column":45},"end":{"line":55,"column":2}},"3":{"start":{"line":48,"column":13},"end":{"line":48,"column":38}},"4":{"start":{"line":57,"column":35},"end":{"line":60,"column":2}},"5":{"start":{"line":57,"column":42},"end":{"line":60,"column":2}},"6":{"start":{"line":57,"column":13},"end":{"line":57,"column":35}},"7":{"start":{"line":62,"column":30},"end":{"line":71,"column":2}},"8":{"start":{"line":62,"column":37},"end":{"line":71,"column":2}},"9":{"start":{"line":62,"column":13},"end":{"line":62,"column":30}},"10":{"start":{"line":73,"column":26},"end":{"line":83,"column":1}},"11":{"start":{"line":74,"column":4},"end":{"line":82,"column":7}},"12":{"start":{"line":75,"column":8},"end":{"line":81,"column":9}},"13":{"start":{"line":76,"column":12},"end":{"line":80,"column":15}},"14":{"start":{"line":77,"column":16},"end":{"line":79,"column":17}},"15":{"start":{"line":78,"column":20},"end":{"line":78,"column":39}},"16":{"start":{"line":73,"column":13},"end":{"line":73,"column":26}}},"fnMap":{"0":{"name":"(anonymous_0)","decl":{"start":{"line":48,"column":38},"end":{"line":48,"column":41}},"loc":{"start":{"line":48,"column":45},"end":{"line":55,"column":2}}},"1":{"name":"(anonymous_1)","decl":{"start":{"line":57,"column":35},"end":{"line":57,"column":38}},"loc":{"start":{"line":57,"column":42},"end":{"line":60,"column":2}}},"2":{"name":"(anonymous_2)","decl":{"start":{"line":62,"column":30},"end":{"line":62,"column":33}},"loc":{"start":{"line":62,"column":37},"end":{"line":71,"column":2}}},"3":{"name":"(anonymous_3)","decl":{"start":{"line":73,"column":26},"end":{"line":73,"column":29}},"loc":{"start":{"line":73,"column":31},"end":{"line":83,"column":1}}},"4":{"name":"(anonymous_4)","decl":{"start":{"line":74,"column":45},"end":{"line":74,"column":46}},"loc":{"start":{"line":74,"column":55},"end":{"line":82,"column":5}}},"5":{"name":"(anonymous_5)","decl":{"start":{"line":76,"column":41},"end":{"line":76,"column":42}},"loc":{"start":{"line":76,"column":52},"end":{"line":80,"column":13}}}},"branchMap":{"0":{"loc":{"start":{"line":75,"column":8},"end":{"line":81,"column":9}},"type":"if","locations":[{"start":{"line":75,"column":8},"end":{"line":81,"column":9}},{"start":{},"end":{}}]},"1":{"loc":{"start":{"line":77,"column":16},"end":{"line":79,"column":17}},"type":"if","locations":[{"start":{"line":77,"column":16},"end":{"line":79,"column":17}},{"start":{},"end":{}}]}},"s":{"0":5,"1":5,"2":1,"3":5,"4":5,"5":1,"6":5,"7":5,"8":1,"9":5,"10":5,"11":30,"12":210,"13":180,"14":870,"15":870,"16":5},"f":{"0":1,"1":1,"2":1,"3":30,"4":210,"5":870},"b":{"0":[180,30],"1":[870,0]}}
}
