{"/home/mohanad/Documents/GitHub/loans-system/backend/src/app.controller.ts": {"path":"/home/mohanad/Documents/GitHub/loans-system/backend/src/app.controller.ts","statementMap":{"0":{"start":{"line":1,"column":0},"end":{"line":1,"column":49}},"1":{"start":{"line":2,"column":0},"end":{"line":2,"column":43}},"2":{"start":{"line":5,"column":7},"end":{"line":12,"column":null}},"3":{"start":{"line":6,"column":31},"end":{"line":6,"column":43}},"4":{"start":{"line":10,"column":4},"end":{"line":10,"column":38}},"5":{"start":{"line":5,"column":13},"end":{"line":5,"column":26}},"6":{"start":{"line":9,"column":2},"end":{"line":11,"column":null}},"7":{"start":{"line":5,"column":13},"end":{"line":12,"column":null}}},"fnMap":{"0":{"name":"(anonymous_2)","decl":{"start":{"line":6,"column":2},"end":{"line":6,"column":31}},"loc":{"start":{"line":6,"column":53},"end":{"line":6,"column":57}}},"1":{"name":"(anonymous_3)","decl":{"start":{"line":9,"column":2},"end":{"line":9,"column":10}},"loc":{"start":{"line":9,"column":10},"end":{"line":11,"column":3}}}},"branchMap":{"0":{"loc":{"start":{"line":6,"column":43},"end":{"line":6,"column":56}},"type":"cond-expr","locations":[{"start":{"line":6,"column":53},"end":{"line":6,"column":56}},{"start":{"line":6,"column":53},"end":{"line":6,"column":56}}]},"1":{"loc":{"start":{"line":6,"column":43},"end":{"line":6,"column":53}},"type":"binary-expr","locations":[{"start":{"line":6,"column":43},"end":{"line":6,"column":56}},{"start":{"line":6,"column":43},"end":{"line":6,"column":53}}]}},"s":{"0":1,"1":1,"2":1,"3":1,"4":1,"5":1,"6":1,"7":1},"f":{"0":1,"1":1},"b":{"0":[1,0],"1":[1,1]}}
,"/home/mohanad/Documents/GitHub/loans-system/backend/src/app.module.ts": {"path":"/home/mohanad/Documents/GitHub/loans-system/backend/src/app.module.ts","statementMap":{"0":{"start":{"line":1,"column":0},"end":{"line":1,"column":40}},"1":{"start":{"line":2,"column":0},"end":{"line":2,"column":46}},"2":{"start":{"line":3,"column":0},"end":{"line":3,"column":49}},"3":{"start":{"line":4,"column":0},"end":{"line":4,"column":43}},"4":{"start":{"line":5,"column":0},"end":{"line":5,"column":75}},"5":{"start":{"line":6,"column":0},"end":{"line":6,"column":66}},"6":{"start":{"line":7,"column":0},"end":{"line":7,"column":63}},"7":{"start":{"line":8,"column":0},"end":{"line":8,"column":51}},"8":{"start":{"line":9,"column":0},"end":{"line":9,"column":51}},"9":{"start":{"line":10,"column":0},"end":{"line":10,"column":54}},"10":{"start":{"line":25,"column":7},"end":{"line":25,"column":null}},"11":{"start":{"line":25,"column":13},"end":{"line":25,"column":22}},"12":{"start":{"line":25,"column":13},"end":{"line":25,"column":null}}},"fnMap":{},"branchMap":{},"s":{"0":0,"1":0,"2":0,"3":0,"4":0,"5":0,"6":0,"7":0,"8":0,"9":0,"10":0,"11":0,"12":0},"f":{},"b":{}}
,"/home/mohanad/Documents/GitHub/loans-system/backend/src/app.service.ts": {"path":"/home/mohanad/Documents/GitHub/loans-system/backend/src/app.service.ts","statementMap":{"0":{"start":{"line":1,"column":0},"end":{"line":1,"column":44}},"1":{"start":{"line":4,"column":7},"end":{"line":8,"column":null}},"2":{"start":{"line":6,"column":4},"end":{"line":6,"column":26}},"3":{"start":{"line":4,"column":13},"end":{"line":4,"column":23}},"4":{"start":{"line":4,"column":13},"end":{"line":8,"column":null}}},"fnMap":{"0":{"name":"(anonymous_1)","decl":{"start":{"line":5,"column":2},"end":{"line":5,"column":10}},"loc":{"start":{"line":5,"column":10},"end":{"line":7,"column":3}}}},"branchMap":{},"s":{"0":1,"1":1,"2":1,"3":1,"4":1},"f":{"0":1},"b":{}}
,"/home/mohanad/Documents/GitHub/loans-system/backend/src/main.ts": {"path":"/home/mohanad/Documents/GitHub/loans-system/backend/src/main.ts","statementMap":{"0":{"start":{"line":1,"column":0},"end":{"line":1,"column":43}},"1":{"start":{"line":2,"column":0},"end":{"line":2,"column":41}},"2":{"start":{"line":3,"column":0},"end":{"line":3,"column":48}},"3":{"start":{"line":4,"column":0},"end":{"line":4,"column":79}},"4":{"start":{"line":5,"column":0},"end":{"line":5,"column":77}},"5":{"start":{"line":6,"column":0},"end":{"line":6,"column":28}},"6":{"start":{"line":9,"column":14},"end":{"line":9,"column":49}},"7":{"start":{"line":10,"column":2},"end":{"line":10,"column":79}},"8":{"start":{"line":11,"column":2},"end":{"line":11,"column":54}},"9":{"start":{"line":12,"column":2},"end":{"line":12,"column":50}},"10":{"start":{"line":13,"column":2},"end":{"line":16,"column":5}},"11":{"start":{"line":17,"column":2},"end":{"line":17,"column":20}},"12":{"start":{"line":18,"column":2},"end":{"line":18,"column":25}},"13":{"start":{"line":20,"column":0},"end":{"line":20,"column":12}}},"fnMap":{"0":{"name":"bootstrap","decl":{"start":{"line":8,"column":15},"end":{"line":8,"column":24}},"loc":{"start":{"line":8,"column":24},"end":{"line":19,"column":1}}}},"branchMap":{},"s":{"0":0,"1":0,"2":0,"3":0,"4":0,"5":0,"6":0,"7":0,"8":0,"9":0,"10":0,"11":0,"12":0,"13":0},"f":{"0":0},"b":{}}
,"/home/mohanad/Documents/GitHub/loans-system/backend/src/audit/audit.controller.ts": {"path":"/home/mohanad/Documents/GitHub/loans-system/backend/src/audit/audit.controller.ts","statementMap":{"0":{"start":{"line":1,"column":0},"end":{"line":1,"column":61}},"1":{"start":{"line":2,"column":0},"end":{"line":2,"column":47}},"2":{"start":{"line":6,"column":7},"end":{"line":21,"column":null}},"3":{"start":{"line":7,"column":33},"end":{"line":7,"column":47}},"4":{"start":{"line":11,"column":32},"end":{"line":11,"column":65}},"5":{"start":{"line":12,"column":8},"end":{"line":12,"column":62}},"6":{"start":{"line":13,"column":8},"end":{"line":13,"column":51}},"7":{"start":{"line":14,"column":8},"end":{"line":14,"column":30}},"8":{"start":{"line":19,"column":8},"end":{"line":19,"column":62}},"9":{"start":{"line":6,"column":13},"end":{"line":6,"column":28}},"10":{"start":{"line":10,"column":10},"end":{"line":15,"column":null}},"11":{"start":{"line":18,"column":10},"end":{"line":20,"column":null}},"12":{"start":{"line":6,"column":13},"end":{"line":21,"column":null}}},"fnMap":{"0":{"name":"(anonymous_4)","decl":{"start":{"line":7,"column":4},"end":{"line":7,"column":33}},"loc":{"start":{"line":7,"column":59},"end":{"line":7,"column":64}}},"1":{"name":"(anonymous_5)","decl":{"start":{"line":10,"column":10},"end":{"line":10,"column":17}},"loc":{"start":{"line":10,"column":38},"end":{"line":15,"column":5}}},"2":{"name":"(anonymous_6)","decl":{"start":{"line":18,"column":10},"end":{"line":18,"column":23}},"loc":{"start":{"line":18,"column":69},"end":{"line":20,"column":5}}}},"branchMap":{"0":{"loc":{"start":{"line":7,"column":47},"end":{"line":7,"column":63}},"type":"cond-expr","locations":[{"start":{"line":7,"column":59},"end":{"line":7,"column":63}},{"start":{"line":7,"column":59},"end":{"line":7,"column":63}}]},"1":{"loc":{"start":{"line":7,"column":47},"end":{"line":7,"column":59}},"type":"binary-expr","locations":[{"start":{"line":7,"column":47},"end":{"line":7,"column":63}},{"start":{"line":7,"column":47},"end":{"line":7,"column":59}}]}},"s":{"0":1,"1":1,"2":1,"3":0,"4":0,"5":0,"6":0,"7":0,"8":0,"9":1,"10":1,"11":1,"12":1},"f":{"0":0,"1":0,"2":0},"b":{"0":[1,0],"1":[1,1]}}
,"/home/mohanad/Documents/GitHub/loans-system/backend/src/audit/audit.module.ts": {"path":"/home/mohanad/Documents/GitHub/loans-system/backend/src/audit/audit.module.ts","statementMap":{"0":{"start":{"line":1,"column":0},"end":{"line":1,"column":40}},"1":{"start":{"line":2,"column":0},"end":{"line":2,"column":53}},"2":{"start":{"line":3,"column":0},"end":{"line":3,"column":47}},"3":{"start":{"line":9,"column":7},"end":{"line":9,"column":null}},"4":{"start":{"line":9,"column":13},"end":{"line":9,"column":24}},"5":{"start":{"line":9,"column":13},"end":{"line":9,"column":null}}},"fnMap":{},"branchMap":{},"s":{"0":0,"1":0,"2":0,"3":0,"4":0,"5":0},"f":{},"b":{}}
,"/home/mohanad/Documents/GitHub/loans-system/backend/src/audit/audit.service.ts": {"path":"/home/mohanad/Documents/GitHub/loans-system/backend/src/audit/audit.service.ts","statementMap":{"0":{"start":{"line":1,"column":0},"end":{"line":1,"column":44}},"1":{"start":{"line":2,"column":0},"end":{"line":2,"column":57}},"2":{"start":{"line":5,"column":7},"end":{"line":33,"column":null}},"3":{"start":{"line":6,"column":24},"end":{"line":6,"column":32}},"4":{"start":{"line":9,"column":22},"end":{"line":9,"column":56}},"5":{"start":{"line":10,"column":21},"end":{"line":12,"column":10}},"6":{"start":{"line":13,"column":8},"end":{"line":13,"column":31}},"7":{"start":{"line":17,"column":8},"end":{"line":20,"column":11}},"8":{"start":{"line":29,"column":8},"end":{"line":31,"column":11}},"9":{"start":{"line":5,"column":13},"end":{"line":5,"column":25}},"10":{"start":{"line":5,"column":13},"end":{"line":33,"column":null}}},"fnMap":{"0":{"name":"(anonymous_2)","decl":{"start":{"line":6,"column":4},"end":{"line":6,"column":24}},"loc":{"start":{"line":6,"column":45},"end":{"line":6,"column":50}}},"1":{"name":"(anonymous_3)","decl":{"start":{"line":8,"column":4},"end":{"line":8,"column":9}},"loc":{"start":{"line":8,"column":17},"end":{"line":14,"column":5}}},"2":{"name":"(anonymous_4)","decl":{"start":{"line":16,"column":4},"end":{"line":16,"column":9}},"loc":{"start":{"line":16,"column":45},"end":{"line":21,"column":5}}},"3":{"name":"(anonymous_5)","decl":{"start":{"line":23,"column":4},"end":{"line":23,"column":9}},"loc":{"start":{"line":28,"column":5},"end":{"line":32,"column":5}}}},"branchMap":{"0":{"loc":{"start":{"line":6,"column":32},"end":{"line":6,"column":49}},"type":"cond-expr","locations":[{"start":{"line":6,"column":45},"end":{"line":6,"column":49}},{"start":{"line":6,"column":45},"end":{"line":6,"column":49}}]},"1":{"loc":{"start":{"line":6,"column":32},"end":{"line":6,"column":45}},"type":"binary-expr","locations":[{"start":{"line":6,"column":32},"end":{"line":6,"column":49}},{"start":{"line":6,"column":32},"end":{"line":6,"column":45}}]}},"s":{"0":2,"1":2,"2":2,"3":4,"4":1,"5":1,"6":1,"7":2,"8":1,"9":2,"10":2},"f":{"0":4,"1":1,"2":2,"3":1},"b":{"0":[2,0],"1":[2,2]}}
,"/home/mohanad/Documents/GitHub/loans-system/backend/src/common/filters/http-exception.filter.ts": {"path":"/home/mohanad/Documents/GitHub/loans-system/backend/src/common/filters/http-exception.filter.ts","statementMap":{"0":{"start":{"line":1,"column":0},"end":{"line":1,"column":null}},"1":{"start":{"line":12,"column":32},"end":{"line":44,"column":null}},"2":{"start":{"line":13,"column":30},"end":{"line":13,"column":66}},"3":{"start":{"line":16,"column":20},"end":{"line":16,"column":39}},"4":{"start":{"line":17,"column":25},"end":{"line":17,"column":52}},"5":{"start":{"line":18,"column":24},"end":{"line":18,"column":49}},"6":{"start":{"line":21,"column":12},"end":{"line":23,"column":50}},"7":{"start":{"line":26,"column":12},"end":{"line":28,"column":41}},"8":{"start":{"line":30,"column":8},"end":{"line":35,"column":11}},"9":{"start":{"line":37,"column":8},"end":{"line":42,"column":11}},"10":{"start":{"line":12,"column":13},"end":{"line":12,"column":32}},"11":{"start":{"line":12,"column":13},"end":{"line":44,"column":null}}},"fnMap":{"0":{"name":"(anonymous_1)","decl":{"start":{"line":15,"column":4},"end":{"line":15,"column":9}},"loc":{"start":{"line":15,"column":49},"end":{"line":43,"column":5}}}},"branchMap":{"0":{"loc":{"start":{"line":21,"column":12},"end":{"line":23,"column":50}},"type":"cond-expr","locations":[{"start":{"line":22,"column":18},"end":{"line":22,"column":39}},{"start":{"line":23,"column":18},"end":{"line":23,"column":50}}]},"1":{"loc":{"start":{"line":26,"column":12},"end":{"line":28,"column":41}},"type":"cond-expr","locations":[{"start":{"line":27,"column":18},"end":{"line":27,"column":41}},{"start":{"line":28,"column":18},"end":{"line":28,"column":41}}]},"2":{"loc":{"start":{"line":34,"column":19},"end":{"line":34,"column":75}},"type":"cond-expr","locations":[{"start":{"line":34,"column":48},"end":{"line":34,"column":63}},{"start":{"line":34,"column":66},"end":{"line":34,"column":75}}]}},"s":{"0":0,"1":0,"2":0,"3":0,"4":0,"5":0,"6":0,"7":0,"8":0,"9":0,"10":0,"11":0},"f":{"0":0},"b":{"0":[0,0],"1":[0,0],"2":[0,0]}}
,"/home/mohanad/Documents/GitHub/loans-system/backend/src/common/interceptors/logging.interceptor.ts": {"path":"/home/mohanad/Documents/GitHub/loans-system/backend/src/common/interceptors/logging.interceptor.ts","statementMap":{"0":{"start":{"line":1,"column":0},"end":{"line":1,"column":null}},"1":{"start":{"line":9,"column":0},"end":{"line":9,"column":37}},"2":{"start":{"line":10,"column":0},"end":{"line":10,"column":36}},"3":{"start":{"line":13,"column":31},"end":{"line":59,"column":null}},"4":{"start":{"line":14,"column":30},"end":{"line":14,"column":65}},"5":{"start":{"line":17,"column":20},"end":{"line":17,"column":55}},"6":{"start":{"line":18,"column":38},"end":{"line":18,"column":41}},"7":{"start":{"line":19,"column":26},"end":{"line":19,"column":53}},"8":{"start":{"line":20,"column":30},"end":{"line":20,"column":38}},"9":{"start":{"line":23,"column":8},"end":{"line":23,"column":42}},"10":{"start":{"line":25,"column":20},"end":{"line":25,"column":30}},"11":{"start":{"line":26,"column":8},"end":{"line":33,"column":11}},"12":{"start":{"line":35,"column":8},"end":{"line":50,"column":14}},"13":{"start":{"line":39,"column":37},"end":{"line":39,"column":73}},"14":{"start":{"line":40,"column":34},"end":{"line":40,"column":50}},"15":{"start":{"line":41,"column":20},"end":{"line":48,"column":23}},"16":{"start":{"line":54,"column":8},"end":{"line":54,"column":31}},"17":{"start":{"line":54,"column":19},"end":{"line":54,"column":31}},"18":{"start":{"line":55,"column":26},"end":{"line":55,"column":37}},"19":{"start":{"line":57,"column":8},"end":{"line":57,"column":25}},"20":{"start":{"line":13,"column":13},"end":{"line":13,"column":31}},"21":{"start":{"line":13,"column":13},"end":{"line":59,"column":null}}},"fnMap":{"0":{"name":"(anonymous_1)","decl":{"start":{"line":16,"column":4},"end":{"line":16,"column":13}},"loc":{"start":{"line":16,"column":58},"end":{"line":51,"column":5}}},"1":{"name":"(anonymous_2)","decl":{"start":{"line":38,"column":20},"end":{"line":38,"column":21}},"loc":{"start":{"line":38,"column":29},"end":{"line":49,"column":17}}},"2":{"name":"(anonymous_3)","decl":{"start":{"line":53,"column":12},"end":{"line":53,"column":24}},"loc":{"start":{"line":53,"column":34},"end":{"line":58,"column":5}}}},"branchMap":{"0":{"loc":{"start":{"line":19,"column":26},"end":{"line":19,"column":53}},"type":"binary-expr","locations":[{"start":{"line":19,"column":26},"end":{"line":19,"column":47}},{"start":{"line":19,"column":51},"end":{"line":19,"column":53}}]},"1":{"loc":{"start":{"line":54,"column":8},"end":{"line":54,"column":31}},"type":"if","locations":[{"start":{"line":54,"column":8},"end":{"line":54,"column":31}},{"start":{},"end":{}}]}},"s":{"0":0,"1":0,"2":0,"3":0,"4":0,"5":0,"6":0,"7":0,"8":0,"9":0,"10":0,"11":0,"12":0,"13":0,"14":0,"15":0,"16":0,"17":0,"18":0,"19":0,"20":0,"21":0},"f":{"0":0,"1":0,"2":0},"b":{"0":[0,0],"1":[0,0]}}
,"/home/mohanad/Documents/GitHub/loans-system/backend/src/disbursements/disbursements.controller.ts": {"path":"/home/mohanad/Documents/GitHub/loans-system/backend/src/disbursements/disbursements.controller.ts","statementMap":{"0":{"start":{"line":1,"column":0},"end":{"line":1,"column":88}},"1":{"start":{"line":2,"column":0},"end":{"line":2,"column":63}},"2":{"start":{"line":3,"column":0},"end":{"line":3,"column":70}},"3":{"start":{"line":7,"column":7},"end":{"line":23,"column":null}},"4":{"start":{"line":8,"column":33},"end":{"line":8,"column":55}},"5":{"start":{"line":12,"column":32},"end":{"line":12,"column":73}},"6":{"start":{"line":13,"column":8},"end":{"line":13,"column":70}},"7":{"start":{"line":14,"column":8},"end":{"line":14,"column":51}},"8":{"start":{"line":15,"column":8},"end":{"line":15,"column":30}},"9":{"start":{"line":21,"column":8},"end":{"line":21,"column":77}},"10":{"start":{"line":7,"column":13},"end":{"line":7,"column":36}},"11":{"start":{"line":11,"column":10},"end":{"line":16,"column":null}},"12":{"start":{"line":20,"column":10},"end":{"line":22,"column":null}},"13":{"start":{"line":7,"column":13},"end":{"line":23,"column":null}}},"fnMap":{"0":{"name":"(anonymous_4)","decl":{"start":{"line":8,"column":4},"end":{"line":8,"column":33}},"loc":{"start":{"line":8,"column":75},"end":{"line":8,"column":80}}},"1":{"name":"(anonymous_5)","decl":{"start":{"line":11,"column":10},"end":{"line":11,"column":17}},"loc":{"start":{"line":11,"column":38},"end":{"line":16,"column":5}}},"2":{"name":"(anonymous_6)","decl":{"start":{"line":20,"column":10},"end":{"line":20,"column":16}},"loc":{"start":{"line":20,"column":69},"end":{"line":22,"column":5}}}},"branchMap":{"0":{"loc":{"start":{"line":20,"column":48},"end":{"line":20,"column":null}},"type":"cond-expr","locations":[{"start":{"line":20,"column":69},"end":{"line":20,"column":null}},{"start":{"line":20,"column":69},"end":{"line":20,"column":null}}]},"1":{"loc":{"start":{"line":20,"column":48},"end":{"line":20,"column":69}},"type":"binary-expr","locations":[{"start":{"line":20,"column":48},"end":{"line":20,"column":null}},{"start":{"line":20,"column":48},"end":{"line":20,"column":69}}]},"2":{"loc":{"start":{"line":8,"column":55},"end":{"line":8,"column":79}},"type":"cond-expr","locations":[{"start":{"line":8,"column":75},"end":{"line":8,"column":79}},{"start":{"line":8,"column":75},"end":{"line":8,"column":79}}]},"3":{"loc":{"start":{"line":8,"column":55},"end":{"line":8,"column":75}},"type":"binary-expr","locations":[{"start":{"line":8,"column":55},"end":{"line":8,"column":79}},{"start":{"line":8,"column":55},"end":{"line":8,"column":75}}]}},"s":{"0":1,"1":1,"2":1,"3":1,"4":0,"5":0,"6":0,"7":0,"8":0,"9":0,"10":1,"11":1,"12":1,"13":1},"f":{"0":0,"1":0,"2":0},"b":{"0":[1,0],"1":[1,1],"2":[1,0],"3":[1,1]}}
,"/home/mohanad/Documents/GitHub/loans-system/backend/src/disbursements/disbursements.module.ts": {"path":"/home/mohanad/Documents/GitHub/loans-system/backend/src/disbursements/disbursements.module.ts","statementMap":{"0":{"start":{"line":1,"column":0},"end":{"line":1,"column":40}},"1":{"start":{"line":2,"column":0},"end":{"line":2,"column":69}},"2":{"start":{"line":3,"column":0},"end":{"line":3,"column":63}},"3":{"start":{"line":9,"column":7},"end":{"line":9,"column":null}},"4":{"start":{"line":9,"column":13},"end":{"line":9,"column":32}},"5":{"start":{"line":9,"column":13},"end":{"line":9,"column":null}}},"fnMap":{},"branchMap":{},"s":{"0":0,"1":0,"2":0,"3":0,"4":0,"5":0},"f":{},"b":{}}
,"/home/mohanad/Documents/GitHub/loans-system/backend/src/disbursements/disbursements.service.ts": {"path":"/home/mohanad/Documents/GitHub/loans-system/backend/src/disbursements/disbursements.service.ts","statementMap":{"0":{"start":{"line":1,"column":0},"end":{"line":1,"column":92}},"1":{"start":{"line":2,"column":0},"end":{"line":2,"column":57}},"2":{"start":{"line":7,"column":33},"end":{"line":126,"column":null}},"3":{"start":{"line":8,"column":30},"end":{"line":8,"column":67}},"4":{"start":{"line":10,"column":24},"end":{"line":10,"column":32}},"5":{"start":{"line":13,"column":22},"end":{"line":13,"column":60}},"6":{"start":{"line":14,"column":21},"end":{"line":16,"column":10}},"7":{"start":{"line":17,"column":8},"end":{"line":17,"column":31}},"8":{"start":{"line":21,"column":8},"end":{"line":21,"column":73}},"9":{"start":{"line":22,"column":22},"end":{"line":22,"column":32}},"10":{"start":{"line":24,"column":8},"end":{"line":91,"column":9}},"11":{"start":{"line":25,"column":12},"end":{"line":87,"column":15}},"12":{"start":{"line":27,"column":33},"end":{"line":29,"column":18}},"13":{"start":{"line":31,"column":16},"end":{"line":33,"column":17}},"14":{"start":{"line":32,"column":20},"end":{"line":32,"column":74}},"15":{"start":{"line":39,"column":27},"end":{"line":39,"column":87}},"16":{"start":{"line":40,"column":16},"end":{"line":51,"column":17}},"17":{"start":{"line":41,"column":20},"end":{"line":50,"column":23}},"18":{"start":{"line":54,"column":37},"end":{"line":61,"column":18}},"19":{"start":{"line":64,"column":37},"end":{"line":64,"column":95}},"20":{"start":{"line":65,"column":16},"end":{"line":67,"column":19}},"21":{"start":{"line":70,"column":16},"end":{"line":83,"column":19}},"22":{"start":{"line":85,"column":16},"end":{"line":85,"column":109}},"23":{"start":{"line":86,"column":16},"end":{"line":86,"column":36}},"24":{"start":{"line":89,"column":12},"end":{"line":89,"column":90}},"25":{"start":{"line":90,"column":12},"end":{"line":90,"column":24}},"26":{"start":{"line":95,"column":68},"end":{"line":95,"column":70}},"27":{"start":{"line":96,"column":28},"end":{"line":96,"column":56}},"28":{"start":{"line":103,"column":20},"end":{"line":103,"column":94}},"29":{"start":{"line":105,"column":33},"end":{"line":105,"column":44}},"30":{"start":{"line":106,"column":26},"end":{"line":106,"column":45}},"31":{"start":{"line":108,"column":8},"end":{"line":123,"column":9}},"32":{"start":{"line":108,"column":21},"end":{"line":108,"column":22}},"33":{"start":{"line":109,"column":12},"end":{"line":109,"column":61}},"34":{"start":{"line":111,"column":29},"end":{"line":111,"column":61}},"35":{"start":{"line":112,"column":30},"end":{"line":112,"column":44}},"36":{"start":{"line":113,"column":12},"end":{"line":113,"column":44}},"37":{"start":{"line":115,"column":12},"end":{"line":122,"column":15}},"38":{"start":{"line":124,"column":8},"end":{"line":124,"column":24}},"39":{"start":{"line":7,"column":13},"end":{"line":7,"column":33}},"40":{"start":{"line":7,"column":13},"end":{"line":126,"column":null}}},"fnMap":{"0":{"name":"(anonymous_2)","decl":{"start":{"line":10,"column":4},"end":{"line":10,"column":24}},"loc":{"start":{"line":10,"column":45},"end":{"line":10,"column":50}}},"1":{"name":"(anonymous_3)","decl":{"start":{"line":12,"column":4},"end":{"line":12,"column":9}},"loc":{"start":{"line":12,"column":17},"end":{"line":18,"column":5}}},"2":{"name":"(anonymous_4)","decl":{"start":{"line":20,"column":4},"end":{"line":20,"column":9}},"loc":{"start":{"line":20,"column":50},"end":{"line":92,"column":5}}},"3":{"name":"(anonymous_5)","decl":{"start":{"line":25,"column":50},"end":{"line":25,"column":55}},"loc":{"start":{"line":25,"column":67},"end":{"line":87,"column":13}}},"4":{"name":"(anonymous_6)","decl":{"start":{"line":94,"column":12},"end":{"line":94,"column":28}},"loc":{"start":{"line":94,"column":73},"end":{"line":125,"column":5}}}},"branchMap":{"0":{"loc":{"start":{"line":31,"column":16},"end":{"line":33,"column":17}},"type":"if","locations":[{"start":{"line":31,"column":16},"end":{"line":33,"column":17}},{"start":{},"end":{}}]},"1":{"loc":{"start":{"line":40,"column":16},"end":{"line":51,"column":17}},"type":"if","locations":[{"start":{"line":40,"column":16},"end":{"line":51,"column":17}},{"start":{},"end":{}}]},"2":{"loc":{"start":{"line":10,"column":32},"end":{"line":10,"column":49}},"type":"cond-expr","locations":[{"start":{"line":10,"column":45},"end":{"line":10,"column":49}},{"start":{"line":10,"column":45},"end":{"line":10,"column":49}}]},"3":{"loc":{"start":{"line":10,"column":32},"end":{"line":10,"column":45}},"type":"binary-expr","locations":[{"start":{"line":10,"column":32},"end":{"line":10,"column":49}},{"start":{"line":10,"column":32},"end":{"line":10,"column":45}}]}},"s":{"0":2,"1":2,"2":2,"3":4,"4":4,"5":0,"6":0,"7":0,"8":4,"9":4,"10":4,"11":4,"12":4,"13":4,"14":1,"15":3,"16":3,"17":3,"18":3,"19":3,"20":3,"21":3,"22":3,"23":3,"24":1,"25":1,"26":3,"27":3,"28":3,"29":3,"30":3,"31":3,"32":3,"33":36,"34":36,"35":36,"36":36,"37":36,"38":3,"39":2,"40":2},"f":{"0":4,"1":0,"2":4,"3":4,"4":3},"b":{"0":[1,3],"1":[3,0],"2":[2,0],"3":[2,2]}}
,"/home/mohanad/Documents/GitHub/loans-system/backend/src/disbursements/dto/create-disbursement.dto.ts": {"path":"/home/mohanad/Documents/GitHub/loans-system/backend/src/disbursements/dto/create-disbursement.dto.ts","statementMap":{"0":{"start":{"line":1,"column":0},"end":{"line":1,"column":83}},"1":{"start":{"line":3,"column":0},"end":{"line":3,"column":13}},"2":{"start":{"line":6,"column":4},"end":{"line":6,"column":null}},"3":{"start":{"line":10,"column":4},"end":{"line":10,"column":null}},"4":{"start":{"line":14,"column":4},"end":{"line":14,"column":null}},"5":{"start":{"line":17,"column":4},"end":{"line":17,"column":null}},"6":{"start":{"line":21,"column":4},"end":{"line":21,"column":null}},"7":{"start":{"line":26,"column":4},"end":{"line":26,"column":null}}},"fnMap":{},"branchMap":{},"s":{"0":1,"1":1,"2":1,"3":1,"4":1,"5":1,"6":1,"7":1},"f":{},"b":{}}
,"/home/mohanad/Documents/GitHub/loans-system/backend/src/loans/loans.controller.ts": {"path":"/home/mohanad/Documents/GitHub/loans-system/backend/src/loans/loans.controller.ts","statementMap":{"0":{"start":{"line":1,"column":0},"end":{"line":1,"column":80}},"1":{"start":{"line":2,"column":0},"end":{"line":2,"column":47}},"2":{"start":{"line":6,"column":7},"end":{"line":25,"column":null}},"3":{"start":{"line":7,"column":33},"end":{"line":7,"column":47}},"4":{"start":{"line":11,"column":32},"end":{"line":11,"column":65}},"5":{"start":{"line":12,"column":8},"end":{"line":12,"column":62}},"6":{"start":{"line":13,"column":8},"end":{"line":13,"column":51}},"7":{"start":{"line":14,"column":8},"end":{"line":14,"column":30}},"8":{"start":{"line":19,"column":21},"end":{"line":19,"column":56}},"9":{"start":{"line":20,"column":8},"end":{"line":22,"column":9}},"10":{"start":{"line":21,"column":12},"end":{"line":21,"column":58}},"11":{"start":{"line":23,"column":8},"end":{"line":23,"column":20}},"12":{"start":{"line":6,"column":13},"end":{"line":6,"column":28}},"13":{"start":{"line":10,"column":10},"end":{"line":15,"column":null}},"14":{"start":{"line":18,"column":10},"end":{"line":24,"column":null}},"15":{"start":{"line":6,"column":13},"end":{"line":25,"column":null}}},"fnMap":{"0":{"name":"(anonymous_4)","decl":{"start":{"line":7,"column":4},"end":{"line":7,"column":33}},"loc":{"start":{"line":7,"column":59},"end":{"line":7,"column":64}}},"1":{"name":"(anonymous_5)","decl":{"start":{"line":10,"column":10},"end":{"line":10,"column":17}},"loc":{"start":{"line":10,"column":38},"end":{"line":15,"column":5}}},"2":{"name":"(anonymous_6)","decl":{"start":{"line":18,"column":10},"end":{"line":18,"column":17}},"loc":{"start":{"line":18,"column":41},"end":{"line":24,"column":5}}}},"branchMap":{"0":{"loc":{"start":{"line":20,"column":8},"end":{"line":22,"column":9}},"type":"if","locations":[{"start":{"line":20,"column":8},"end":{"line":22,"column":9}},{"start":{},"end":{}}]},"1":{"loc":{"start":{"line":7,"column":47},"end":{"line":7,"column":63}},"type":"cond-expr","locations":[{"start":{"line":7,"column":59},"end":{"line":7,"column":63}},{"start":{"line":7,"column":59},"end":{"line":7,"column":63}}]},"2":{"loc":{"start":{"line":7,"column":47},"end":{"line":7,"column":59}},"type":"binary-expr","locations":[{"start":{"line":7,"column":47},"end":{"line":7,"column":63}},{"start":{"line":7,"column":47},"end":{"line":7,"column":59}}]}},"s":{"0":0,"1":0,"2":0,"3":0,"4":0,"5":0,"6":0,"7":0,"8":0,"9":0,"10":0,"11":0,"12":0,"13":0,"14":0,"15":0},"f":{"0":0,"1":0,"2":0},"b":{"0":[0,0],"1":[0,0],"2":[0,0]}}
,"/home/mohanad/Documents/GitHub/loans-system/backend/src/loans/loans.module.ts": {"path":"/home/mohanad/Documents/GitHub/loans-system/backend/src/loans/loans.module.ts","statementMap":{"0":{"start":{"line":1,"column":0},"end":{"line":1,"column":40}},"1":{"start":{"line":2,"column":0},"end":{"line":2,"column":47}},"2":{"start":{"line":3,"column":0},"end":{"line":3,"column":53}},"3":{"start":{"line":4,"column":0},"end":{"line":4,"column":55}},"4":{"start":{"line":11,"column":7},"end":{"line":11,"column":null}},"5":{"start":{"line":11,"column":13},"end":{"line":11,"column":24}},"6":{"start":{"line":11,"column":13},"end":{"line":11,"column":null}}},"fnMap":{},"branchMap":{},"s":{"0":0,"1":0,"2":0,"3":0,"4":0,"5":0,"6":0},"f":{},"b":{}}
,"/home/mohanad/Documents/GitHub/loans-system/backend/src/loans/loans.service.ts": {"path":"/home/mohanad/Documents/GitHub/loans-system/backend/src/loans/loans.service.ts","statementMap":{"0":{"start":{"line":1,"column":0},"end":{"line":1,"column":44}},"1":{"start":{"line":2,"column":0},"end":{"line":2,"column":57}},"2":{"start":{"line":5,"column":7},"end":{"line":26,"column":null}},"3":{"start":{"line":6,"column":24},"end":{"line":6,"column":32}},"4":{"start":{"line":9,"column":22},"end":{"line":9,"column":52}},"5":{"start":{"line":10,"column":21},"end":{"line":12,"column":10}},"6":{"start":{"line":13,"column":8},"end":{"line":13,"column":31}},"7":{"start":{"line":17,"column":8},"end":{"line":24,"column":11}},"8":{"start":{"line":5,"column":13},"end":{"line":5,"column":25}},"9":{"start":{"line":5,"column":13},"end":{"line":26,"column":null}}},"fnMap":{"0":{"name":"(anonymous_2)","decl":{"start":{"line":6,"column":4},"end":{"line":6,"column":24}},"loc":{"start":{"line":6,"column":45},"end":{"line":6,"column":50}}},"1":{"name":"(anonymous_3)","decl":{"start":{"line":8,"column":4},"end":{"line":8,"column":9}},"loc":{"start":{"line":8,"column":17},"end":{"line":14,"column":5}}},"2":{"name":"(anonymous_4)","decl":{"start":{"line":16,"column":4},"end":{"line":16,"column":9}},"loc":{"start":{"line":16,"column":28},"end":{"line":25,"column":5}}}},"branchMap":{"0":{"loc":{"start":{"line":6,"column":32},"end":{"line":6,"column":49}},"type":"cond-expr","locations":[{"start":{"line":6,"column":45},"end":{"line":6,"column":49}},{"start":{"line":6,"column":45},"end":{"line":6,"column":49}}]},"1":{"loc":{"start":{"line":6,"column":32},"end":{"line":6,"column":45}},"type":"binary-expr","locations":[{"start":{"line":6,"column":32},"end":{"line":6,"column":49}},{"start":{"line":6,"column":32},"end":{"line":6,"column":45}}]}},"s":{"0":0,"1":0,"2":0,"3":0,"4":0,"5":0,"6":0,"7":0,"8":0,"9":0},"f":{"0":0,"1":0,"2":0},"b":{"0":[0,0],"1":[0,0]}}
,"/home/mohanad/Documents/GitHub/loans-system/backend/src/prisma/prisma.module.ts": {"path":"/home/mohanad/Documents/GitHub/loans-system/backend/src/prisma/prisma.module.ts","statementMap":{"0":{"start":{"line":1,"column":0},"end":{"line":1,"column":48}},"1":{"start":{"line":2,"column":0},"end":{"line":2,"column":49}},"2":{"start":{"line":9,"column":7},"end":{"line":9,"column":null}},"3":{"start":{"line":9,"column":13},"end":{"line":9,"column":25}},"4":{"start":{"line":9,"column":13},"end":{"line":9,"column":null}}},"fnMap":{},"branchMap":{},"s":{"0":0,"1":0,"2":0,"3":0,"4":0},"f":{},"b":{}}
,"/home/mohanad/Documents/GitHub/loans-system/backend/src/prisma/prisma.service.ts": {"path":"/home/mohanad/Documents/GitHub/loans-system/backend/src/prisma/prisma.service.ts","statementMap":{"0":{"start":{"line":1,"column":0},"end":{"line":1,"column":75}},"1":{"start":{"line":2,"column":0},"end":{"line":2,"column":46}},"2":{"start":{"line":5,"column":7},"end":{"line":13,"column":null}},"3":{"start":{"line":7,"column":8},"end":{"line":7,"column":30}},"4":{"start":{"line":11,"column":8},"end":{"line":11,"column":33}},"5":{"start":{"line":5,"column":13},"end":{"line":5,"column":26}},"6":{"start":{"line":5,"column":13},"end":{"line":13,"column":null}}},"fnMap":{"0":{"name":"(anonymous_1)","decl":{"start":{"line":6,"column":4},"end":{"line":6,"column":9}},"loc":{"start":{"line":6,"column":22},"end":{"line":8,"column":5}}},"1":{"name":"(anonymous_2)","decl":{"start":{"line":10,"column":4},"end":{"line":10,"column":9}},"loc":{"start":{"line":10,"column":25},"end":{"line":12,"column":5}}}},"branchMap":{},"s":{"0":8,"1":8,"2":8,"3":0,"4":0,"5":8,"6":8},"f":{"0":0,"1":0},"b":{}}
,"/home/mohanad/Documents/GitHub/loans-system/backend/src/repayments/repayments.controller.ts": {"path":"/home/mohanad/Documents/GitHub/loans-system/backend/src/repayments/repayments.controller.ts","statementMap":{"0":{"start":{"line":1,"column":0},"end":{"line":1,"column":88}},"1":{"start":{"line":2,"column":0},"end":{"line":2,"column":57}},"2":{"start":{"line":3,"column":0},"end":{"line":3,"column":64}},"3":{"start":{"line":7,"column":7},"end":{"line":23,"column":null}},"4":{"start":{"line":8,"column":33},"end":{"line":8,"column":52}},"5":{"start":{"line":12,"column":32},"end":{"line":12,"column":70}},"6":{"start":{"line":13,"column":8},"end":{"line":13,"column":67}},"7":{"start":{"line":14,"column":8},"end":{"line":14,"column":51}},"8":{"start":{"line":15,"column":8},"end":{"line":15,"column":30}},"9":{"start":{"line":21,"column":8},"end":{"line":21,"column":74}},"10":{"start":{"line":7,"column":13},"end":{"line":7,"column":33}},"11":{"start":{"line":11,"column":10},"end":{"line":16,"column":null}},"12":{"start":{"line":20,"column":10},"end":{"line":22,"column":null}},"13":{"start":{"line":7,"column":13},"end":{"line":23,"column":null}}},"fnMap":{"0":{"name":"(anonymous_4)","decl":{"start":{"line":8,"column":4},"end":{"line":8,"column":33}},"loc":{"start":{"line":8,"column":69},"end":{"line":8,"column":74}}},"1":{"name":"(anonymous_5)","decl":{"start":{"line":11,"column":10},"end":{"line":11,"column":17}},"loc":{"start":{"line":11,"column":38},"end":{"line":16,"column":5}}},"2":{"name":"(anonymous_6)","decl":{"start":{"line":20,"column":10},"end":{"line":20,"column":16}},"loc":{"start":{"line":20,"column":63},"end":{"line":22,"column":5}}}},"branchMap":{"0":{"loc":{"start":{"line":20,"column":45},"end":{"line":20,"column":null}},"type":"cond-expr","locations":[{"start":{"line":20,"column":63},"end":{"line":20,"column":null}},{"start":{"line":20,"column":63},"end":{"line":20,"column":null}}]},"1":{"loc":{"start":{"line":20,"column":45},"end":{"line":20,"column":63}},"type":"binary-expr","locations":[{"start":{"line":20,"column":45},"end":{"line":20,"column":null}},{"start":{"line":20,"column":45},"end":{"line":20,"column":63}}]},"2":{"loc":{"start":{"line":8,"column":52},"end":{"line":8,"column":73}},"type":"cond-expr","locations":[{"start":{"line":8,"column":69},"end":{"line":8,"column":73}},{"start":{"line":8,"column":69},"end":{"line":8,"column":73}}]},"3":{"loc":{"start":{"line":8,"column":52},"end":{"line":8,"column":69}},"type":"binary-expr","locations":[{"start":{"line":8,"column":52},"end":{"line":8,"column":73}},{"start":{"line":8,"column":52},"end":{"line":8,"column":69}}]}},"s":{"0":1,"1":1,"2":1,"3":1,"4":0,"5":0,"6":0,"7":0,"8":0,"9":0,"10":1,"11":1,"12":1,"13":1},"f":{"0":0,"1":0,"2":0},"b":{"0":[1,0],"1":[1,1],"2":[1,0],"3":[1,1]}}
,"/home/mohanad/Documents/GitHub/loans-system/backend/src/repayments/repayments.module.ts": {"path":"/home/mohanad/Documents/GitHub/loans-system/backend/src/repayments/repayments.module.ts","statementMap":{"0":{"start":{"line":1,"column":0},"end":{"line":1,"column":40}},"1":{"start":{"line":2,"column":0},"end":{"line":2,"column":63}},"2":{"start":{"line":3,"column":0},"end":{"line":3,"column":57}},"3":{"start":{"line":9,"column":7},"end":{"line":9,"column":null}},"4":{"start":{"line":9,"column":13},"end":{"line":9,"column":29}},"5":{"start":{"line":9,"column":13},"end":{"line":9,"column":null}}},"fnMap":{},"branchMap":{},"s":{"0":0,"1":0,"2":0,"3":0,"4":0,"5":0},"f":{},"b":{}}
,"/home/mohanad/Documents/GitHub/loans-system/backend/src/repayments/repayments.service.ts": {"path":"/home/mohanad/Documents/GitHub/loans-system/backend/src/repayments/repayments.service.ts","statementMap":{"0":{"start":{"line":1,"column":0},"end":{"line":1,"column":92}},"1":{"start":{"line":2,"column":0},"end":{"line":2,"column":57}},"2":{"start":{"line":7,"column":30},"end":{"line":139,"column":null}},"3":{"start":{"line":8,"column":30},"end":{"line":8,"column":64}},"4":{"start":{"line":10,"column":24},"end":{"line":10,"column":32}},"5":{"start":{"line":13,"column":22},"end":{"line":13,"column":55}},"6":{"start":{"line":14,"column":21},"end":{"line":16,"column":10}},"7":{"start":{"line":17,"column":8},"end":{"line":17,"column":31}},"8":{"start":{"line":21,"column":8},"end":{"line":21,"column":72}},"9":{"start":{"line":23,"column":8},"end":{"line":137,"column":11}},"10":{"start":{"line":24,"column":25},"end":{"line":27,"column":14}},"11":{"start":{"line":29,"column":12},"end":{"line":31,"column":13}},"12":{"start":{"line":30,"column":16},"end":{"line":30,"column":62}},"13":{"start":{"line":33,"column":12},"end":{"line":37,"column":13}},"14":{"start":{"line":44,"column":36},"end":{"line":44,"column":83}},"15":{"start":{"line":45,"column":41},"end":{"line":45,"column":134}},"16":{"start":{"line":49,"column":30},"end":{"line":49,"column":69}},"17":{"start":{"line":54,"column":30},"end":{"line":57,"column":14}},"18":{"start":{"line":63,"column":46},"end":{"line":63,"column":110}},"19":{"start":{"line":63,"column":75},"end":{"line":63,"column":106}},"20":{"start":{"line":65,"column":36},"end":{"line":65,"column":96}},"21":{"start":{"line":69,"column":36},"end":{"line":69,"column":48}},"22":{"start":{"line":70,"column":26},"end":{"line":70,"column":27}},"23":{"start":{"line":71,"column":27},"end":{"line":71,"column":28}},"24":{"start":{"line":73,"column":12},"end":{"line":78,"column":13}},"25":{"start":{"line":74,"column":16},"end":{"line":74,"column":129}},"26":{"start":{"line":75,"column":16},"end":{"line":77,"column":17}},"27":{"start":{"line":76,"column":20},"end":{"line":76,"column":54}},"28":{"start":{"line":81,"column":35},"end":{"line":81,"column":46}},"29":{"start":{"line":83,"column":33},"end":{"line":83,"column":76}},"30":{"start":{"line":84,"column":12},"end":{"line":84,"column":45}},"31":{"start":{"line":86,"column":32},"end":{"line":86,"column":67}},"32":{"start":{"line":87,"column":12},"end":{"line":87,"column":44}},"33":{"start":{"line":89,"column":34},"end":{"line":89,"column":50}},"34":{"start":{"line":97,"column":28},"end":{"line":108,"column":14}},"35":{"start":{"line":111,"column":12},"end":{"line":116,"column":13}},"36":{"start":{"line":112,"column":16},"end":{"line":115,"column":19}},"37":{"start":{"line":119,"column":12},"end":{"line":133,"column":15}},"38":{"start":{"line":135,"column":12},"end":{"line":135,"column":74}},"39":{"start":{"line":136,"column":12},"end":{"line":136,"column":27}},"40":{"start":{"line":7,"column":13},"end":{"line":7,"column":30}},"41":{"start":{"line":7,"column":13},"end":{"line":139,"column":null}}},"fnMap":{"0":{"name":"(anonymous_2)","decl":{"start":{"line":10,"column":4},"end":{"line":10,"column":24}},"loc":{"start":{"line":10,"column":45},"end":{"line":10,"column":50}}},"1":{"name":"(anonymous_3)","decl":{"start":{"line":12,"column":4},"end":{"line":12,"column":9}},"loc":{"start":{"line":12,"column":17},"end":{"line":18,"column":5}}},"2":{"name":"(anonymous_4)","decl":{"start":{"line":20,"column":4},"end":{"line":20,"column":9}},"loc":{"start":{"line":20,"column":50},"end":{"line":138,"column":5}}},"3":{"name":"(anonymous_5)","decl":{"start":{"line":23,"column":46},"end":{"line":23,"column":51}},"loc":{"start":{"line":23,"column":63},"end":{"line":137,"column":9}}},"4":{"name":"(anonymous_6)","decl":{"start":{"line":63,"column":63},"end":{"line":63,"column":64}},"loc":{"start":{"line":63,"column":75},"end":{"line":63,"column":106}}}},"branchMap":{"0":{"loc":{"start":{"line":29,"column":12},"end":{"line":31,"column":13}},"type":"if","locations":[{"start":{"line":29,"column":12},"end":{"line":31,"column":13}},{"start":{},"end":{}}]},"1":{"loc":{"start":{"line":33,"column":12},"end":{"line":37,"column":13}},"type":"if","locations":[{"start":{"line":33,"column":12},"end":{"line":37,"column":13}},{"start":{},"end":{}}]},"2":{"loc":{"start":{"line":33,"column":16},"end":{"line":33,"column":71}},"type":"binary-expr","locations":[{"start":{"line":33,"column":16},"end":{"line":33,"column":40}},{"start":{"line":33,"column":44},"end":{"line":33,"column":71}}]},"3":{"loc":{"start":{"line":44,"column":36},"end":{"line":44,"column":83}},"type":"binary-expr","locations":[{"start":{"line":44,"column":36},"end":{"line":44,"column":65}},{"start":{"line":44,"column":69},"end":{"line":44,"column":83}}]},"4":{"loc":{"start":{"line":73,"column":12},"end":{"line":78,"column":13}},"type":"if","locations":[{"start":{"line":73,"column":12},"end":{"line":78,"column":13}},{"start":{},"end":{}}]},"5":{"loc":{"start":{"line":73,"column":16},"end":{"line":73,"column":71}},"type":"binary-expr","locations":[{"start":{"line":73,"column":16},"end":{"line":73,"column":31}},{"start":{"line":73,"column":35},"end":{"line":73,"column":71}}]},"6":{"loc":{"start":{"line":75,"column":16},"end":{"line":77,"column":17}},"type":"if","locations":[{"start":{"line":75,"column":16},"end":{"line":77,"column":17}},{"start":{},"end":{}}]},"7":{"loc":{"start":{"line":76,"column":30},"end":{"line":76,"column":53}},"type":"cond-expr","locations":[{"start":{"line":76,"column":46},"end":{"line":76,"column":48}},{"start":{"line":76,"column":51},"end":{"line":76,"column":53}}]},"8":{"loc":{"start":{"line":111,"column":12},"end":{"line":116,"column":13}},"type":"if","locations":[{"start":{"line":111,"column":12},"end":{"line":116,"column":13}},{"start":{},"end":{}}]},"9":{"loc":{"start":{"line":10,"column":32},"end":{"line":10,"column":49}},"type":"cond-expr","locations":[{"start":{"line":10,"column":45},"end":{"line":10,"column":49}},{"start":{"line":10,"column":45},"end":{"line":10,"column":49}}]},"10":{"loc":{"start":{"line":10,"column":32},"end":{"line":10,"column":45}},"type":"binary-expr","locations":[{"start":{"line":10,"column":32},"end":{"line":10,"column":49}},{"start":{"line":10,"column":32},"end":{"line":10,"column":45}}]}},"s":{"0":2,"1":2,"2":2,"3":5,"4":5,"5":0,"6":0,"7":0,"8":5,"9":5,"10":5,"11":5,"12":1,"13":4,"14":4,"15":4,"16":4,"17":4,"18":4,"19":4,"20":4,"21":4,"22":4,"23":4,"24":4,"25":3,"26":3,"27":2,"28":4,"29":4,"30":4,"31":4,"32":4,"33":4,"34":4,"35":4,"36":3,"37":1,"38":1,"39":1,"40":2,"41":2},"f":{"0":5,"1":0,"2":5,"3":5,"4":4},"b":{"0":[1,4],"1":[0,4],"2":[4,0],"3":[4,4],"4":[3,1],"5":[4,4],"6":[2,1],"7":[0,2],"8":[3,1],"9":[2,0],"10":[2,2]}}
,"/home/mohanad/Documents/GitHub/loans-system/backend/src/repayments/dto/create-repayment.dto.ts": {"path":"/home/mohanad/Documents/GitHub/loans-system/backend/src/repayments/dto/create-repayment.dto.ts","statementMap":{"0":{"start":{"line":1,"column":0},"end":{"line":1,"column":73}},"1":{"start":{"line":3,"column":0},"end":{"line":3,"column":13}},"2":{"start":{"line":6,"column":4},"end":{"line":6,"column":null}},"3":{"start":{"line":10,"column":4},"end":{"line":10,"column":null}}},"fnMap":{},"branchMap":{},"s":{"0":1,"1":1,"2":1,"3":1},"f":{},"b":{}}
,"/home/mohanad/Documents/GitHub/loans-system/backend/src/rollbacks/rollbacks.controller.ts": {"path":"/home/mohanad/Documents/GitHub/loans-system/backend/src/rollbacks/rollbacks.controller.ts","statementMap":{"0":{"start":{"line":1,"column":0},"end":{"line":1,"column":88}},"1":{"start":{"line":2,"column":0},"end":{"line":2,"column":55}},"2":{"start":{"line":3,"column":0},"end":{"line":3,"column":72}},"3":{"start":{"line":7,"column":7},"end":{"line":23,"column":null}},"4":{"start":{"line":8,"column":33},"end":{"line":8,"column":51}},"5":{"start":{"line":12,"column":32},"end":{"line":12,"column":69}},"6":{"start":{"line":13,"column":8},"end":{"line":13,"column":66}},"7":{"start":{"line":14,"column":8},"end":{"line":14,"column":51}},"8":{"start":{"line":15,"column":8},"end":{"line":15,"column":30}},"9":{"start":{"line":21,"column":8},"end":{"line":21,"column":81}},"10":{"start":{"line":7,"column":13},"end":{"line":7,"column":32}},"11":{"start":{"line":11,"column":10},"end":{"line":16,"column":null}},"12":{"start":{"line":20,"column":10},"end":{"line":22,"column":null}},"13":{"start":{"line":7,"column":13},"end":{"line":23,"column":null}}},"fnMap":{"0":{"name":"(anonymous_4)","decl":{"start":{"line":8,"column":4},"end":{"line":8,"column":33}},"loc":{"start":{"line":8,"column":67},"end":{"line":8,"column":72}}},"1":{"name":"(anonymous_5)","decl":{"start":{"line":11,"column":10},"end":{"line":11,"column":17}},"loc":{"start":{"line":11,"column":38},"end":{"line":16,"column":5}}},"2":{"name":"(anonymous_6)","decl":{"start":{"line":20,"column":10},"end":{"line":20,"column":16}},"loc":{"start":{"line":20,"column":71},"end":{"line":22,"column":5}}}},"branchMap":{"0":{"loc":{"start":{"line":20,"column":49},"end":{"line":20,"column":null}},"type":"cond-expr","locations":[{"start":{"line":20,"column":71},"end":{"line":20,"column":null}},{"start":{"line":20,"column":71},"end":{"line":20,"column":null}}]},"1":{"loc":{"start":{"line":20,"column":49},"end":{"line":20,"column":71}},"type":"binary-expr","locations":[{"start":{"line":20,"column":49},"end":{"line":20,"column":null}},{"start":{"line":20,"column":49},"end":{"line":20,"column":71}}]},"2":{"loc":{"start":{"line":8,"column":51},"end":{"line":8,"column":71}},"type":"cond-expr","locations":[{"start":{"line":8,"column":67},"end":{"line":8,"column":71}},{"start":{"line":8,"column":67},"end":{"line":8,"column":71}}]},"3":{"loc":{"start":{"line":8,"column":51},"end":{"line":8,"column":67}},"type":"binary-expr","locations":[{"start":{"line":8,"column":51},"end":{"line":8,"column":71}},{"start":{"line":8,"column":51},"end":{"line":8,"column":67}}]}},"s":{"0":1,"1":1,"2":1,"3":1,"4":0,"5":0,"6":0,"7":0,"8":0,"9":0,"10":1,"11":1,"12":1,"13":1},"f":{"0":0,"1":0,"2":0},"b":{"0":[1,0],"1":[1,1],"2":[1,0],"3":[1,1]}}
,"/home/mohanad/Documents/GitHub/loans-system/backend/src/rollbacks/rollbacks.module.ts": {"path":"/home/mohanad/Documents/GitHub/loans-system/backend/src/rollbacks/rollbacks.module.ts","statementMap":{"0":{"start":{"line":1,"column":0},"end":{"line":1,"column":40}},"1":{"start":{"line":2,"column":0},"end":{"line":2,"column":61}},"2":{"start":{"line":3,"column":0},"end":{"line":3,"column":55}},"3":{"start":{"line":9,"column":7},"end":{"line":9,"column":null}},"4":{"start":{"line":9,"column":13},"end":{"line":9,"column":28}},"5":{"start":{"line":9,"column":13},"end":{"line":9,"column":null}}},"fnMap":{},"branchMap":{},"s":{"0":0,"1":0,"2":0,"3":0,"4":0,"5":0},"f":{},"b":{}}
,"/home/mohanad/Documents/GitHub/loans-system/backend/src/rollbacks/rollbacks.service.ts": {"path":"/home/mohanad/Documents/GitHub/loans-system/backend/src/rollbacks/rollbacks.service.ts","statementMap":{"0":{"start":{"line":1,"column":0},"end":{"line":1,"column":71}},"1":{"start":{"line":2,"column":0},"end":{"line":2,"column":57}},"2":{"start":{"line":6,"column":29},"end":{"line":125,"column":null}},"3":{"start":{"line":7,"column":30},"end":{"line":7,"column":63}},"4":{"start":{"line":9,"column":24},"end":{"line":9,"column":32}},"5":{"start":{"line":12,"column":22},"end":{"line":12,"column":62}},"6":{"start":{"line":13,"column":21},"end":{"line":15,"column":10}},"7":{"start":{"line":16,"column":8},"end":{"line":16,"column":31}},"8":{"start":{"line":20,"column":8},"end":{"line":20,"column":85}},"9":{"start":{"line":22,"column":8},"end":{"line":123,"column":11}},"10":{"start":{"line":24,"column":33},"end":{"line":24,"column":107}},"11":{"start":{"line":28,"column":58},"end":{"line":28,"column":62}},"12":{"start":{"line":29,"column":38},"end":{"line":29,"column":42}},"13":{"start":{"line":31,"column":12},"end":{"line":40,"column":13}},"14":{"start":{"line":32,"column":16},"end":{"line":32,"column":38}},"15":{"start":{"line":33,"column":16},"end":{"line":33,"column":46}},"16":{"start":{"line":35,"column":32},"end":{"line":35,"column":101}},"17":{"start":{"line":36,"column":16},"end":{"line":39,"column":17}},"18":{"start":{"line":37,"column":20},"end":{"line":37,"column":37}},"19":{"start":{"line":38,"column":20},"end":{"line":38,"column":45}},"20":{"start":{"line":42,"column":12},"end":{"line":44,"column":13}},"21":{"start":{"line":43,"column":16},"end":{"line":43,"column":69}},"22":{"start":{"line":46,"column":12},"end":{"line":48,"column":13}},"23":{"start":{"line":47,"column":16},"end":{"line":47,"column":81}},"24":{"start":{"line":51,"column":47},"end":{"line":51,"column":49}},"25":{"start":{"line":53,"column":12},"end":{"line":94,"column":13}},"26":{"start":{"line":59,"column":16},"end":{"line":62,"column":19}},"27":{"start":{"line":63,"column":16},"end":{"line":63,"column":106}},"28":{"start":{"line":66,"column":16},"end":{"line":69,"column":19}},"29":{"start":{"line":70,"column":16},"end":{"line":70,"column":83}},"30":{"start":{"line":73,"column":16},"end":{"line":76,"column":19}},"31":{"start":{"line":77,"column":16},"end":{"line":77,"column":68}},"32":{"start":{"line":79,"column":19},"end":{"line":94,"column":13}},"33":{"start":{"line":86,"column":16},"end":{"line":89,"column":19}},"34":{"start":{"line":90,"column":16},"end":{"line":90,"column":101}},"35":{"start":{"line":97,"column":35},"end":{"line":105,"column":14}},"36":{"start":{"line":108,"column":12},"end":{"line":119,"column":15}},"37":{"start":{"line":121,"column":12},"end":{"line":121,"column":88}},"38":{"start":{"line":122,"column":12},"end":{"line":122,"column":34}},"39":{"start":{"line":6,"column":13},"end":{"line":6,"column":29}},"40":{"start":{"line":6,"column":13},"end":{"line":125,"column":null}},"41":{"start":{"line":127,"column":0},"end":{"line":127,"column":53}}},"fnMap":{"0":{"name":"(anonymous_2)","decl":{"start":{"line":9,"column":4},"end":{"line":9,"column":24}},"loc":{"start":{"line":9,"column":45},"end":{"line":9,"column":50}}},"1":{"name":"(anonymous_3)","decl":{"start":{"line":11,"column":4},"end":{"line":11,"column":9}},"loc":{"start":{"line":11,"column":17},"end":{"line":17,"column":5}}},"2":{"name":"(anonymous_4)","decl":{"start":{"line":19,"column":4},"end":{"line":19,"column":9}},"loc":{"start":{"line":19,"column":58},"end":{"line":124,"column":5}}},"3":{"name":"(anonymous_5)","decl":{"start":{"line":22,"column":46},"end":{"line":22,"column":51}},"loc":{"start":{"line":22,"column":63},"end":{"line":123,"column":9}}}},"branchMap":{"0":{"loc":{"start":{"line":31,"column":12},"end":{"line":40,"column":13}},"type":"if","locations":[{"start":{"line":31,"column":12},"end":{"line":40,"column":13}},{"start":{"line":34,"column":19},"end":{"line":40,"column":13}}]},"1":{"loc":{"start":{"line":36,"column":16},"end":{"line":39,"column":17}},"type":"if","locations":[{"start":{"line":36,"column":16},"end":{"line":39,"column":17}},{"start":{},"end":{}}]},"2":{"loc":{"start":{"line":42,"column":12},"end":{"line":44,"column":13}},"type":"if","locations":[{"start":{"line":42,"column":12},"end":{"line":44,"column":13}},{"start":{},"end":{}}]},"3":{"loc":{"start":{"line":46,"column":12},"end":{"line":48,"column":13}},"type":"if","locations":[{"start":{"line":46,"column":12},"end":{"line":48,"column":13}},{"start":{},"end":{}}]},"4":{"loc":{"start":{"line":53,"column":12},"end":{"line":94,"column":13}},"type":"if","locations":[{"start":{"line":53,"column":12},"end":{"line":94,"column":13}},{"start":{"line":79,"column":19},"end":{"line":94,"column":13}}]},"5":{"loc":{"start":{"line":79,"column":19},"end":{"line":94,"column":13}},"type":"if","locations":[{"start":{"line":79,"column":19},"end":{"line":94,"column":13}},{"start":{},"end":{}}]},"6":{"loc":{"start":{"line":9,"column":32},"end":{"line":9,"column":49}},"type":"cond-expr","locations":[{"start":{"line":9,"column":45},"end":{"line":9,"column":49}},{"start":{"line":9,"column":45},"end":{"line":9,"column":49}}]},"7":{"loc":{"start":{"line":9,"column":32},"end":{"line":9,"column":45}},"type":"binary-expr","locations":[{"start":{"line":9,"column":32},"end":{"line":9,"column":49}},{"start":{"line":9,"column":32},"end":{"line":9,"column":45}}]}},"s":{"0":2,"1":2,"2":2,"3":5,"4":5,"5":0,"6":0,"7":0,"8":5,"9":5,"10":5,"11":5,"12":5,"13":5,"14":3,"15":3,"16":2,"17":2,"18":1,"19":1,"20":5,"21":1,"22":4,"23":1,"24":3,"25":3,"26":2,"27":2,"28":2,"29":2,"30":2,"31":2,"32":1,"33":1,"34":1,"35":3,"36":3,"37":3,"38":3,"39":2,"40":2,"41":2},"f":{"0":5,"1":0,"2":5,"3":5},"b":{"0":[3,2],"1":[1,1],"2":[1,4],"3":[1,3],"4":[2,1],"5":[1,0],"6":[2,0],"7":[2,2]}}
,"/home/mohanad/Documents/GitHub/loans-system/backend/src/rollbacks/dto/rollback-transaction.dto.ts": {"path":"/home/mohanad/Documents/GitHub/loans-system/backend/src/rollbacks/dto/rollback-transaction.dto.ts","statementMap":{"0":{"start":{"line":1,"column":0},"end":{"line":1,"column":63}},"1":{"start":{"line":3,"column":0},"end":{"line":3,"column":13}},"2":{"start":{"line":6,"column":4},"end":{"line":6,"column":null}},"3":{"start":{"line":10,"column":4},"end":{"line":10,"column":null}}},"fnMap":{},"branchMap":{},"s":{"0":1,"1":1,"2":1,"3":1},"f":{},"b":{}}
}
