TN:
SF:src/app.controller.ts
FN:6,(anonymous_2)
FN:9,(anonymous_3)
FNF:2
FNH:2
FNDA:1,(anonymous_2)
FNDA:1,(anonymous_3)
DA:1,1
DA:2,1
DA:5,1
DA:6,1
DA:9,1
DA:10,1
LF:6
LH:6
BRDA:6,0,0,1
BRDA:6,0,1,0
BRDA:6,1,0,1
BRDA:6,1,1,1
BRF:4
BRH:3
end_of_record
TN:
SF:src/app.module.ts
FNF:0
FNH:0
DA:1,0
DA:2,0
DA:3,0
DA:4,0
DA:5,0
DA:6,0
DA:7,0
DA:8,0
DA:9,0
DA:10,0
DA:12,0
DA:13,0
DA:14,0
DA:35,0
LF:14
LH:0
BRF:0
BRH:0
end_of_record
TN:
SF:src/app.service.ts
FN:5,(anonymous_1)
FNF:1
FNH:1
FNDA:1,(anonymous_1)
DA:1,1
DA:4,1
DA:6,1
LF:3
LH:3
BRF:0
BRH:0
end_of_record
TN:
SF:src/main.ts
FN:8,bootstrap
FNF:1
FNH:0
FNDA:0,bootstrap
DA:1,0
DA:2,0
DA:3,0
DA:4,0
DA:5,0
DA:6,0
DA:9,0
DA:10,0
DA:11,0
DA:12,0
DA:13,0
DA:17,0
DA:18,0
DA:20,0
LF:14
LH:0
BRF:0
BRH:0
end_of_record
TN:
SF:src/common/filters/http-exception.filter.ts
FN:15,(anonymous_1)
FNF:1
FNH:1
FNDA:4,(anonymous_1)
DA:1,1
DA:12,1
DA:13,4
DA:16,4
DA:17,4
DA:18,4
DA:21,4
DA:26,4
DA:30,4
DA:37,4
LF:10
LH:10
BRDA:21,0,0,2
BRDA:21,0,1,2
BRDA:26,1,0,2
BRDA:26,1,1,2
BRDA:34,2,0,4
BRDA:34,2,1,0
BRF:6
BRH:5
end_of_record
TN:
SF:src/common/interceptors/logging.interceptor.ts
FN:16,(anonymous_1)
FN:38,(anonymous_2)
FN:53,(anonymous_3)
FNF:3
FNH:3
FNDA:4,(anonymous_1)
FNDA:4,(anonymous_2)
FNDA:7,(anonymous_3)
DA:1,1
DA:9,1
DA:10,1
DA:13,1
DA:14,7
DA:17,4
DA:18,4
DA:19,4
DA:20,4
DA:23,4
DA:25,4
DA:26,4
DA:35,4
DA:39,4
DA:40,4
DA:41,4
DA:54,7
DA:55,4
DA:57,4
LF:19
LH:19
BRDA:19,0,0,4
BRDA:19,0,1,3
BRDA:54,1,0,3
BRDA:54,1,1,4
BRF:4
BRH:4
end_of_record
TN:
SF:src/modules/audit/audit.controller.ts
FN:7,(anonymous_4)
FN:10,(anonymous_5)
FN:18,(anonymous_6)
FNF:3
FNH:1
FNDA:1,(anonymous_4)
FNDA:0,(anonymous_5)
FNDA:0,(anonymous_6)
DA:1,1
DA:2,1
DA:6,1
DA:7,1
DA:10,1
DA:11,0
DA:12,0
DA:13,0
DA:14,0
DA:18,1
DA:19,0
LF:11
LH:6
BRDA:7,0,0,1
BRDA:7,0,1,0
BRDA:7,1,0,1
BRDA:7,1,1,1
BRF:4
BRH:3
end_of_record
TN:
SF:src/modules/audit/audit.module.ts
FNF:0
FNH:0
DA:1,0
DA:2,0
DA:3,0
DA:9,0
LF:4
LH:0
BRF:0
BRH:0
end_of_record
TN:
SF:src/modules/audit/audit.service.ts
FN:6,(anonymous_2)
FN:8,(anonymous_3)
FN:16,(anonymous_4)
FN:23,(anonymous_5)
FNF:4
FNH:4
FNDA:4,(anonymous_2)
FNDA:1,(anonymous_3)
FNDA:2,(anonymous_4)
FNDA:1,(anonymous_5)
DA:1,2
DA:2,2
DA:5,2
DA:6,4
DA:9,1
DA:10,1
DA:13,1
DA:17,2
DA:29,1
LF:9
LH:9
BRDA:6,0,0,2
BRDA:6,0,1,0
BRDA:6,1,0,2
BRDA:6,1,1,2
BRF:4
BRH:3
end_of_record
TN:
SF:src/modules/disbursements/disbursements.controller.ts
FN:9,(anonymous_4)
FN:15,(anonymous_5)
FN:20,(anonymous_6)
FN:28,(anonymous_7)
FNF:4
FNH:1
FNDA:1,(anonymous_4)
FNDA:0,(anonymous_5)
FNDA:0,(anonymous_6)
FNDA:0,(anonymous_7)
DA:1,1
DA:2,1
DA:3,1
DA:5,1
DA:8,1
DA:10,1
DA:11,1
DA:15,1
DA:16,0
DA:20,1
DA:21,0
DA:22,0
DA:23,0
DA:24,0
DA:28,1
DA:29,0
LF:16
LH:10
BRDA:31,0,0,0
BRDA:31,0,1,0
BRDA:15,1,0,1
BRDA:15,1,1,0
BRDA:15,2,0,1
BRDA:15,2,1,1
BRDA:10,3,0,1
BRDA:10,3,1,0
BRDA:10,4,0,1
BRDA:10,4,1,1
BRDA:10,5,0,1
BRDA:10,5,1,0
BRDA:10,6,0,1
BRDA:10,6,1,1
BRF:14
BRH:9
end_of_record
TN:
SF:src/modules/disbursements/disbursements.module.ts
FNF:0
FNH:0
DA:1,0
DA:2,0
DA:3,0
DA:4,0
DA:5,0
DA:12,0
LF:6
LH:0
BRF:0
BRH:0
end_of_record
TN:
SF:src/modules/disbursements/disbursements.service.ts
FN:10,(anonymous_2)
FN:12,(anonymous_3)
FN:20,(anonymous_4)
FN:25,(anonymous_5)
FN:91,(anonymous_6)
FNF:5
FNH:5
FNDA:7,(anonymous_2)
FNDA:1,(anonymous_3)
FNDA:6,(anonymous_4)
FNDA:6,(anonymous_5)
FNDA:5,(anonymous_6)
DA:1,2
DA:2,2
DA:7,2
DA:8,7
DA:10,7
DA:13,1
DA:14,1
DA:17,1
DA:21,6
DA:22,6
DA:24,6
DA:25,6
DA:27,6
DA:31,6
DA:32,1
DA:36,5
DA:37,5
DA:38,4
DA:51,5
DA:61,5
DA:62,5
DA:67,5
DA:82,5
DA:83,5
DA:86,1
DA:87,1
DA:92,5
DA:93,5
DA:94,5
DA:97,5
DA:98,1
DA:99,1
DA:100,12
DA:101,12
DA:110,1
DA:114,4
DA:116,4
DA:118,4
DA:119,48
DA:121,48
DA:122,48
DA:123,48
DA:125,48
DA:134,4
LF:44
LH:44
BRDA:31,0,0,1
BRDA:31,0,1,5
BRDA:37,1,0,4
BRDA:37,1,1,1
BRDA:97,2,0,1
BRDA:97,2,1,4
BRDA:10,3,0,2
BRDA:10,3,1,0
BRDA:10,4,0,2
BRDA:10,4,1,2
BRF:10
BRH:9
end_of_record
TN:
SF:src/modules/disbursements/dto/create-disbursement.dto.ts
FNF:0
FNH:0
DA:1,1
DA:3,1
DA:6,1
DA:10,1
DA:14,1
DA:17,1
DA:21,1
DA:26,1
LF:8
LH:8
BRF:0
BRH:0
end_of_record
TN:
SF:src/modules/health/health.controller.ts
FN:6,(anonymous_2)
FNF:1
FNH:1
FNDA:2,(anonymous_2)
DA:1,1
DA:4,1
DA:6,1
DA:7,2
LF:4
LH:4
BRF:0
BRH:0
end_of_record
TN:
SF:src/modules/loans/loans.controller.ts
FN:7,(anonymous_4)
FN:10,(anonymous_5)
FN:21,(anonymous_6)
FN:30,(anonymous_7)
FNF:4
FNH:4
FNDA:6,(anonymous_4)
FNDA:3,(anonymous_5)
FNDA:2,(anonymous_6)
FNDA:1,(anonymous_7)
DA:1,1
DA:2,1
DA:6,1
DA:7,6
DA:10,1
DA:11,3
DA:15,3
DA:16,3
DA:17,3
DA:21,1
DA:22,2
DA:23,2
DA:24,1
DA:26,1
DA:30,1
DA:31,1
LF:16
LH:16
BRDA:23,0,0,1
BRDA:23,0,1,1
BRDA:7,1,0,1
BRDA:7,1,1,0
BRDA:7,2,0,1
BRDA:7,2,1,1
BRF:6
BRH:5
end_of_record
TN:
SF:src/modules/loans/loans.module.ts
FNF:0
FNH:0
DA:1,0
DA:2,0
DA:3,0
DA:4,0
DA:11,0
LF:5
LH:0
BRF:0
BRH:0
end_of_record
TN:
SF:src/modules/loans/loans.service.ts
FN:6,(anonymous_2)
FN:8,(anonymous_3)
FN:30,(anonymous_4)
FN:40,(anonymous_5)
FN:54,(anonymous_6)
FNF:5
FNH:5
FNDA:9,(anonymous_2)
FNDA:4,(anonymous_3)
FNDA:2,(anonymous_4)
FNDA:3,(anonymous_5)
FNDA:3,(anonymous_6)
DA:1,2
DA:2,2
DA:5,2
DA:6,9
DA:9,4
DA:11,4
DA:12,2
DA:15,4
DA:16,2
DA:21,4
DA:22,4
DA:27,4
DA:31,2
DA:42,3
DA:50,3
DA:52,2
DA:54,3
DA:57,2
LF:18
LH:18
BRDA:11,0,0,2
BRDA:11,0,1,2
BRDA:15,1,0,2
BRDA:15,1,1,2
BRDA:50,2,0,1
BRDA:50,2,1,2
BRDA:6,3,0,2
BRDA:6,3,1,0
BRDA:6,4,0,2
BRDA:6,4,1,2
BRF:10
BRH:9
end_of_record
TN:
SF:src/modules/repayments/repayments.controller.ts
FN:8,(anonymous_4)
FN:11,(anonymous_5)
FN:19,(anonymous_6)
FN:24,(anonymous_7)
FN:29,(anonymous_8)
FN:35,(anonymous_9)
FNF:6
FNH:1
FNDA:1,(anonymous_4)
FNDA:0,(anonymous_5)
FNDA:0,(anonymous_6)
FNDA:0,(anonymous_7)
FNDA:0,(anonymous_8)
FNDA:0,(anonymous_9)
DA:1,1
DA:2,1
DA:3,1
DA:7,1
DA:8,1
DA:11,1
DA:12,0
DA:13,0
DA:14,0
DA:15,0
DA:19,1
DA:20,0
DA:24,1
DA:25,0
DA:29,1
DA:30,0
DA:35,1
DA:36,0
LF:18
LH:10
BRDA:35,0,0,1
BRDA:35,0,1,0
BRDA:35,1,0,1
BRDA:35,1,1,1
BRDA:8,2,0,1
BRDA:8,2,1,0
BRDA:8,3,0,1
BRDA:8,3,1,1
BRF:8
BRH:6
end_of_record
TN:
SF:src/modules/repayments/repayments.module.ts
FNF:0
FNH:0
DA:1,0
DA:2,0
DA:3,0
DA:9,0
LF:4
LH:0
BRF:0
BRH:0
end_of_record
TN:
SF:src/modules/repayments/repayments.service.ts
FN:10,(anonymous_2)
FN:12,(anonymous_3)
FN:20,(anonymous_4)
FN:23,(anonymous_5)
FN:50,(anonymous_6)
FN:66,(anonymous_7)
FN:170,(anonymous_8)
FN:177,(anonymous_9)
FN:184,(anonymous_10)
FN:194,(anonymous_11)
FN:201,(anonymous_12)
FN:202,(anonymous_13)
FNF:12
FNH:4
FNDA:5,(anonymous_2)
FNDA:0,(anonymous_3)
FNDA:5,(anonymous_4)
FNDA:5,(anonymous_5)
FNDA:0,(anonymous_6)
FNDA:4,(anonymous_7)
FNDA:0,(anonymous_8)
FNDA:0,(anonymous_9)
FNDA:0,(anonymous_10)
FNDA:0,(anonymous_11)
FNDA:0,(anonymous_12)
FNDA:0,(anonymous_13)
DA:1,2
DA:2,2
DA:7,2
DA:8,5
DA:10,5
DA:13,0
DA:14,0
DA:17,0
DA:21,5
DA:23,5
DA:24,5
DA:32,5
DA:33,1
DA:37,4
DA:38,0
DA:41,4
DA:42,0
DA:46,4
DA:50,4
DA:51,4
DA:53,4
DA:54,4
DA:57,4
DA:58,4
DA:61,4
DA:66,4
DA:68,4
DA:69,4
DA:71,4
DA:72,3
DA:73,3
DA:74,2
DA:79,4
DA:80,4
DA:81,0
DA:85,4
DA:87,4
DA:88,4
DA:90,4
DA:91,4
DA:93,4
DA:95,4
DA:109,4
DA:111,4
DA:112,4
DA:114,4
DA:115,3
DA:116,3
DA:124,3
DA:126,1
DA:127,0
DA:132,1
DA:137,4
DA:141,4
DA:142,4
DA:149,4
DA:165,4
DA:166,4
DA:171,0
DA:178,0
DA:186,0
DA:194,0
DA:196,0
DA:201,0
DA:202,0
LF:65
LH:51
BRDA:32,0,0,1
BRDA:32,0,1,4
BRDA:37,1,0,0
BRDA:37,1,1,4
BRDA:41,2,0,0
BRDA:41,2,1,4
BRDA:41,3,0,4
BRDA:41,3,1,0
BRDA:53,4,0,4
BRDA:53,4,1,4
BRDA:71,5,0,3
BRDA:71,5,1,1
BRDA:71,6,0,4
BRDA:71,6,1,4
BRDA:73,7,0,2
BRDA:73,7,1,1
BRDA:74,8,0,0
BRDA:74,8,1,2
BRDA:80,9,0,0
BRDA:80,9,1,4
BRDA:114,10,0,3
BRDA:114,10,1,1
BRDA:115,11,0,3
BRDA:115,11,1,0
BRDA:126,12,0,0
BRDA:126,12,1,1
BRDA:141,13,0,4
BRDA:141,13,1,0
BRDA:10,14,0,2
BRDA:10,14,1,0
BRDA:10,15,0,2
BRDA:10,15,1,2
BRF:32
BRH:23
end_of_record
TN:
SF:src/modules/repayments/dto/create-repayment.dto.ts
FNF:0
FNH:0
DA:1,1
DA:3,1
DA:6,1
DA:10,1
LF:4
LH:4
BRF:0
BRH:0
end_of_record
TN:
SF:src/modules/rollbacks/rollbacks.controller.ts
FN:8,(anonymous_4)
FN:11,(anonymous_5)
FN:20,(anonymous_6)
FNF:3
FNH:1
FNDA:1,(anonymous_4)
FNDA:0,(anonymous_5)
FNDA:0,(anonymous_6)
DA:1,1
DA:2,1
DA:3,1
DA:7,1
DA:8,1
DA:11,1
DA:12,0
DA:13,0
DA:14,0
DA:15,0
DA:20,1
DA:21,0
LF:12
LH:7
BRDA:20,0,0,1
BRDA:20,0,1,0
BRDA:20,1,0,1
BRDA:20,1,1,1
BRDA:8,2,0,1
BRDA:8,2,1,0
BRDA:8,3,0,1
BRDA:8,3,1,1
BRF:8
BRH:6
end_of_record
TN:
SF:src/modules/rollbacks/rollbacks.module.ts
FNF:0
FNH:0
DA:1,0
DA:2,0
DA:3,0
DA:4,0
DA:12,0
LF:5
LH:0
BRF:0
BRH:0
end_of_record
TN:
SF:src/modules/rollbacks/rollbacks.service.ts
FN:9,(anonymous_2)
FN:11,(anonymous_3)
FN:19,(anonymous_4)
FN:22,(anonymous_5)
FN:98,(anonymous_6)
FNF:5
FNH:3
FNDA:5,(anonymous_2)
FNDA:0,(anonymous_3)
FNDA:5,(anonymous_4)
FNDA:5,(anonymous_5)
FNDA:0,(anonymous_6)
DA:1,3
DA:2,3
DA:6,3
DA:7,5
DA:9,5
DA:12,0
DA:13,0
DA:16,0
DA:20,5
DA:22,5
DA:24,5
DA:26,5
DA:27,5
DA:29,5
DA:30,3
DA:31,3
DA:33,2
DA:34,2
DA:35,1
DA:36,1
DA:40,5
DA:41,1
DA:44,4
DA:45,1
DA:48,3
DA:49,0
DA:52,3
DA:54,3
DA:56,2
DA:60,2
DA:63,2
DA:67,2
DA:70,2
DA:74,2
DA:76,1
DA:79,1
DA:83,1
DA:85,1
DA:95,1
DA:98,1
DA:101,1
DA:107,1
DA:108,1
DA:109,1
DA:111,1
DA:113,0
DA:117,0
DA:120,1
DA:124,1
DA:129,1
DA:133,1
DA:134,0
DA:140,1
DA:144,3
DA:155,3
DA:168,3
DA:169,3
LF:57
LH:50
BRDA:29,0,0,3
BRDA:29,0,1,2
BRDA:34,1,0,1
BRDA:34,1,1,1
BRDA:40,2,0,1
BRDA:40,2,1,4
BRDA:44,3,0,1
BRDA:44,3,1,3
BRDA:44,4,0,4
BRDA:44,4,1,3
BRDA:48,5,0,0
BRDA:48,5,1,3
BRDA:48,6,0,3
BRDA:48,6,1,1
BRDA:54,7,0,2
BRDA:54,7,1,1
BRDA:76,8,0,1
BRDA:76,8,1,0
BRDA:111,9,0,0
BRDA:111,9,1,1
BRDA:133,10,0,0
BRDA:133,10,1,1
BRDA:133,11,0,1
BRDA:133,11,1,0
BRDA:9,12,0,3
BRDA:9,12,1,0
BRDA:9,13,0,3
BRDA:9,13,1,3
BRF:28
BRH:22
end_of_record
TN:
SF:src/modules/rollbacks/dto/rollback-transaction.dto.ts
FNF:0
FNH:0
DA:1,1
DA:3,1
DA:6,1
DA:10,1
LF:4
LH:4
BRF:0
BRH:0
end_of_record
TN:
SF:src/prisma/prisma.module.ts
FNF:0
FNH:0
DA:1,0
DA:2,0
DA:9,0
LF:3
LH:0
BRF:0
BRH:0
end_of_record
TN:
SF:src/prisma/prisma.service.ts
FN:6,(anonymous_1)
FN:10,(anonymous_2)
FNF:2
FNH:0
FNDA:0,(anonymous_1)
FNDA:0,(anonymous_2)
DA:1,10
DA:2,10
DA:5,10
DA:7,0
DA:11,0
LF:5
LH:3
BRF:0
BRH:0
end_of_record
TN:
SF:src/test/test-helpers.ts
FN:48,(anonymous_0)
FN:57,(anonymous_1)
FN:62,(anonymous_2)
FN:73,(anonymous_3)
FN:74,(anonymous_4)
FN:76,(anonymous_5)
FNF:6
FNH:6
FNDA:1,(anonymous_0)
FNDA:1,(anonymous_1)
FNDA:1,(anonymous_2)
FNDA:30,(anonymous_3)
FNDA:210,(anonymous_4)
FNDA:870,(anonymous_5)
DA:3,5
DA:48,5
DA:57,5
DA:62,5
DA:73,5
DA:74,30
DA:75,210
DA:76,180
DA:77,870
DA:78,870
LF:10
LH:10
BRDA:75,0,0,180
BRDA:75,0,1,30
BRDA:77,1,0,870
BRDA:77,1,1,0
BRF:4
BRH:3
end_of_record
