TN:
SF:src/app.controller.ts
FN:6,(anonymous_2)
FN:9,(anonymous_3)
FNF:2
FNH:2
FNDA:1,(anonymous_2)
FNDA:1,(anonymous_3)
DA:1,1
DA:2,1
DA:5,1
DA:6,1
DA:9,1
DA:10,1
LF:6
LH:6
BRDA:6,0,0,1
BRDA:6,0,1,0
BRDA:6,1,0,1
BRDA:6,1,1,1
BRF:4
BRH:3
end_of_record
TN:
SF:src/app.module.ts
FNF:0
FNH:0
DA:1,0
DA:2,0
DA:3,0
DA:4,0
DA:5,0
DA:6,0
DA:7,0
DA:8,0
DA:9,0
DA:10,0
DA:25,0
LF:11
LH:0
BRF:0
BRH:0
end_of_record
TN:
SF:src/app.service.ts
FN:5,(anonymous_1)
FNF:1
FNH:1
FNDA:1,(anonymous_1)
DA:1,1
DA:4,1
DA:6,1
LF:3
LH:3
BRF:0
BRH:0
end_of_record
TN:
SF:src/main.ts
FN:8,bootstrap
FNF:1
FNH:0
FNDA:0,bootstrap
DA:1,0
DA:2,0
DA:3,0
DA:4,0
DA:5,0
DA:6,0
DA:9,0
DA:10,0
DA:11,0
DA:12,0
DA:13,0
DA:17,0
DA:18,0
DA:20,0
LF:14
LH:0
BRF:0
BRH:0
end_of_record
TN:
SF:src/audit/audit.controller.ts
FN:7,(anonymous_4)
FN:10,(anonymous_5)
FN:18,(anonymous_6)
FNF:3
FNH:0
FNDA:0,(anonymous_4)
FNDA:0,(anonymous_5)
FNDA:0,(anonymous_6)
DA:1,1
DA:2,1
DA:6,1
DA:7,0
DA:10,1
DA:11,0
DA:12,0
DA:13,0
DA:14,0
DA:18,1
DA:19,0
LF:11
LH:5
BRDA:7,0,0,1
BRDA:7,0,1,0
BRDA:7,1,0,1
BRDA:7,1,1,1
BRF:4
BRH:3
end_of_record
TN:
SF:src/audit/audit.module.ts
FNF:0
FNH:0
DA:1,0
DA:2,0
DA:3,0
DA:9,0
LF:4
LH:0
BRF:0
BRH:0
end_of_record
TN:
SF:src/audit/audit.service.ts
FN:6,(anonymous_2)
FN:8,(anonymous_3)
FN:16,(anonymous_4)
FN:23,(anonymous_5)
FNF:4
FNH:4
FNDA:4,(anonymous_2)
FNDA:1,(anonymous_3)
FNDA:2,(anonymous_4)
FNDA:1,(anonymous_5)
DA:1,2
DA:2,2
DA:5,2
DA:6,4
DA:9,1
DA:10,1
DA:13,1
DA:17,2
DA:29,1
LF:9
LH:9
BRDA:6,0,0,2
BRDA:6,0,1,0
BRDA:6,1,0,2
BRDA:6,1,1,2
BRF:4
BRH:3
end_of_record
TN:
SF:src/common/filters/http-exception.filter.ts
FN:15,(anonymous_1)
FNF:1
FNH:0
FNDA:0,(anonymous_1)
DA:1,0
DA:12,0
DA:13,0
DA:16,0
DA:17,0
DA:18,0
DA:21,0
DA:26,0
DA:30,0
DA:37,0
LF:10
LH:0
BRDA:21,0,0,0
BRDA:21,0,1,0
BRDA:26,1,0,0
BRDA:26,1,1,0
BRDA:34,2,0,0
BRDA:34,2,1,0
BRF:6
BRH:0
end_of_record
TN:
SF:src/common/interceptors/logging.interceptor.ts
FN:16,(anonymous_1)
FN:38,(anonymous_2)
FN:53,(anonymous_3)
FNF:3
FNH:0
FNDA:0,(anonymous_1)
FNDA:0,(anonymous_2)
FNDA:0,(anonymous_3)
DA:1,0
DA:9,0
DA:10,0
DA:13,0
DA:14,0
DA:17,0
DA:18,0
DA:19,0
DA:20,0
DA:23,0
DA:25,0
DA:26,0
DA:35,0
DA:39,0
DA:40,0
DA:41,0
DA:54,0
DA:55,0
DA:57,0
LF:19
LH:0
BRDA:19,0,0,0
BRDA:19,0,1,0
BRDA:54,1,0,0
BRDA:54,1,1,0
BRF:4
BRH:0
end_of_record
TN:
SF:src/disbursements/disbursements.controller.ts
FN:8,(anonymous_4)
FN:11,(anonymous_5)
FN:20,(anonymous_6)
FNF:3
FNH:0
FNDA:0,(anonymous_4)
FNDA:0,(anonymous_5)
FNDA:0,(anonymous_6)
DA:1,1
DA:2,1
DA:3,1
DA:7,1
DA:8,0
DA:11,1
DA:12,0
DA:13,0
DA:14,0
DA:15,0
DA:20,1
DA:21,0
LF:12
LH:6
BRDA:20,0,0,1
BRDA:20,0,1,0
BRDA:20,1,0,1
BRDA:20,1,1,1
BRDA:8,2,0,1
BRDA:8,2,1,0
BRDA:8,3,0,1
BRDA:8,3,1,1
BRF:8
BRH:6
end_of_record
TN:
SF:src/disbursements/disbursements.module.ts
FNF:0
FNH:0
DA:1,0
DA:2,0
DA:3,0
DA:9,0
LF:4
LH:0
BRF:0
BRH:0
end_of_record
TN:
SF:src/disbursements/disbursements.service.ts
FN:10,(anonymous_2)
FN:12,(anonymous_3)
FN:20,(anonymous_4)
FN:25,(anonymous_5)
FN:94,(anonymous_6)
FNF:5
FNH:4
FNDA:4,(anonymous_2)
FNDA:0,(anonymous_3)
FNDA:4,(anonymous_4)
FNDA:4,(anonymous_5)
FNDA:3,(anonymous_6)
DA:1,2
DA:2,2
DA:7,2
DA:8,4
DA:10,4
DA:13,0
DA:14,0
DA:17,0
DA:21,4
DA:22,4
DA:24,4
DA:25,4
DA:27,4
DA:31,4
DA:32,1
DA:39,3
DA:40,3
DA:41,3
DA:54,3
DA:64,3
DA:65,3
DA:70,3
DA:85,3
DA:86,3
DA:89,1
DA:90,1
DA:95,3
DA:96,3
DA:103,3
DA:105,3
DA:106,3
DA:108,3
DA:109,36
DA:111,36
DA:112,36
DA:113,36
DA:115,36
DA:124,3
LF:38
LH:35
BRDA:31,0,0,1
BRDA:31,0,1,3
BRDA:40,1,0,3
BRDA:40,1,1,0
BRDA:10,2,0,2
BRDA:10,2,1,0
BRDA:10,3,0,2
BRDA:10,3,1,2
BRF:8
BRH:6
end_of_record
TN:
SF:src/disbursements/dto/create-disbursement.dto.ts
FNF:0
FNH:0
DA:1,1
DA:3,1
DA:6,1
DA:10,1
DA:14,1
DA:17,1
DA:21,1
DA:26,1
LF:8
LH:8
BRF:0
BRH:0
end_of_record
TN:
SF:src/loans/loans.controller.ts
FN:7,(anonymous_4)
FN:10,(anonymous_5)
FN:18,(anonymous_6)
FNF:3
FNH:0
FNDA:0,(anonymous_4)
FNDA:0,(anonymous_5)
FNDA:0,(anonymous_6)
DA:1,0
DA:2,0
DA:6,0
DA:7,0
DA:10,0
DA:11,0
DA:12,0
DA:13,0
DA:14,0
DA:18,0
DA:19,0
DA:20,0
DA:21,0
DA:23,0
LF:14
LH:0
BRDA:20,0,0,0
BRDA:20,0,1,0
BRDA:7,1,0,0
BRDA:7,1,1,0
BRDA:7,2,0,0
BRDA:7,2,1,0
BRF:6
BRH:0
end_of_record
TN:
SF:src/loans/loans.module.ts
FNF:0
FNH:0
DA:1,0
DA:2,0
DA:3,0
DA:4,0
DA:11,0
LF:5
LH:0
BRF:0
BRH:0
end_of_record
TN:
SF:src/loans/loans.service.ts
FN:6,(anonymous_2)
FN:8,(anonymous_3)
FN:16,(anonymous_4)
FNF:3
FNH:0
FNDA:0,(anonymous_2)
FNDA:0,(anonymous_3)
FNDA:0,(anonymous_4)
DA:1,0
DA:2,0
DA:5,0
DA:6,0
DA:9,0
DA:10,0
DA:13,0
DA:17,0
LF:8
LH:0
BRDA:6,0,0,0
BRDA:6,0,1,0
BRDA:6,1,0,0
BRDA:6,1,1,0
BRF:4
BRH:0
end_of_record
TN:
SF:src/prisma/prisma.module.ts
FNF:0
FNH:0
DA:1,0
DA:2,0
DA:9,0
LF:3
LH:0
BRF:0
BRH:0
end_of_record
TN:
SF:src/prisma/prisma.service.ts
FN:6,(anonymous_1)
FN:10,(anonymous_2)
FNF:2
FNH:0
FNDA:0,(anonymous_1)
FNDA:0,(anonymous_2)
DA:1,8
DA:2,8
DA:5,8
DA:7,0
DA:11,0
LF:5
LH:3
BRF:0
BRH:0
end_of_record
TN:
SF:src/repayments/repayments.controller.ts
FN:8,(anonymous_4)
FN:11,(anonymous_5)
FN:20,(anonymous_6)
FNF:3
FNH:0
FNDA:0,(anonymous_4)
FNDA:0,(anonymous_5)
FNDA:0,(anonymous_6)
DA:1,1
DA:2,1
DA:3,1
DA:7,1
DA:8,0
DA:11,1
DA:12,0
DA:13,0
DA:14,0
DA:15,0
DA:20,1
DA:21,0
LF:12
LH:6
BRDA:20,0,0,1
BRDA:20,0,1,0
BRDA:20,1,0,1
BRDA:20,1,1,1
BRDA:8,2,0,1
BRDA:8,2,1,0
BRDA:8,3,0,1
BRDA:8,3,1,1
BRF:8
BRH:6
end_of_record
TN:
SF:src/repayments/repayments.module.ts
FNF:0
FNH:0
DA:1,0
DA:2,0
DA:3,0
DA:9,0
LF:4
LH:0
BRF:0
BRH:0
end_of_record
TN:
SF:src/repayments/repayments.service.ts
FN:10,(anonymous_2)
FN:12,(anonymous_3)
FN:20,(anonymous_4)
FN:23,(anonymous_5)
FN:63,(anonymous_6)
FNF:5
FNH:4
FNDA:5,(anonymous_2)
FNDA:0,(anonymous_3)
FNDA:5,(anonymous_4)
FNDA:5,(anonymous_5)
FNDA:4,(anonymous_6)
DA:1,2
DA:2,2
DA:7,2
DA:8,5
DA:10,5
DA:13,0
DA:14,0
DA:17,0
DA:21,5
DA:23,5
DA:24,5
DA:29,5
DA:30,1
DA:33,4
DA:44,4
DA:45,4
DA:49,4
DA:54,4
DA:63,4
DA:65,4
DA:69,4
DA:70,4
DA:71,4
DA:73,4
DA:74,3
DA:75,3
DA:76,2
DA:81,4
DA:83,4
DA:84,4
DA:86,4
DA:87,4
DA:89,4
DA:97,4
DA:111,4
DA:112,3
DA:119,1
DA:135,1
DA:136,1
LF:39
LH:36
BRDA:29,0,0,1
BRDA:29,0,1,4
BRDA:33,1,0,0
BRDA:33,1,1,4
BRDA:33,2,0,4
BRDA:33,2,1,0
BRDA:44,3,0,4
BRDA:44,3,1,4
BRDA:73,4,0,3
BRDA:73,4,1,1
BRDA:73,5,0,4
BRDA:73,5,1,4
BRDA:75,6,0,2
BRDA:75,6,1,1
BRDA:76,7,0,0
BRDA:76,7,1,2
BRDA:111,8,0,3
BRDA:111,8,1,1
BRDA:10,9,0,2
BRDA:10,9,1,0
BRDA:10,10,0,2
BRDA:10,10,1,2
BRF:22
BRH:18
end_of_record
TN:
SF:src/repayments/dto/create-repayment.dto.ts
FNF:0
FNH:0
DA:1,1
DA:3,1
DA:6,1
DA:10,1
LF:4
LH:4
BRF:0
BRH:0
end_of_record
TN:
SF:src/rollbacks/rollbacks.controller.ts
FN:8,(anonymous_4)
FN:11,(anonymous_5)
FN:20,(anonymous_6)
FNF:3
FNH:0
FNDA:0,(anonymous_4)
FNDA:0,(anonymous_5)
FNDA:0,(anonymous_6)
DA:1,1
DA:2,1
DA:3,1
DA:7,1
DA:8,0
DA:11,1
DA:12,0
DA:13,0
DA:14,0
DA:15,0
DA:20,1
DA:21,0
LF:12
LH:6
BRDA:20,0,0,1
BRDA:20,0,1,0
BRDA:20,1,0,1
BRDA:20,1,1,1
BRDA:8,2,0,1
BRDA:8,2,1,0
BRDA:8,3,0,1
BRDA:8,3,1,1
BRF:8
BRH:6
end_of_record
TN:
SF:src/rollbacks/rollbacks.module.ts
FNF:0
FNH:0
DA:1,0
DA:2,0
DA:3,0
DA:9,0
LF:4
LH:0
BRF:0
BRH:0
end_of_record
TN:
SF:src/rollbacks/rollbacks.service.ts
FN:9,(anonymous_2)
FN:11,(anonymous_3)
FN:19,(anonymous_4)
FN:22,(anonymous_5)
FNF:4
FNH:3
FNDA:5,(anonymous_2)
FNDA:0,(anonymous_3)
FNDA:5,(anonymous_4)
FNDA:5,(anonymous_5)
DA:1,2
DA:2,2
DA:6,2
DA:7,5
DA:9,5
DA:12,0
DA:13,0
DA:16,0
DA:20,5
DA:22,5
DA:24,5
DA:28,5
DA:29,5
DA:31,5
DA:32,3
DA:33,3
DA:35,2
DA:36,2
DA:37,1
DA:38,1
DA:42,5
DA:43,1
DA:46,4
DA:47,1
DA:51,3
DA:53,3
DA:59,2
DA:63,2
DA:66,2
DA:70,2
DA:73,2
DA:77,2
DA:79,1
DA:86,1
DA:90,1
DA:97,3
DA:108,3
DA:121,3
DA:122,3
DA:127,2
LF:40
LH:37
BRDA:31,0,0,3
BRDA:31,0,1,2
BRDA:36,1,0,1
BRDA:36,1,1,1
BRDA:42,2,0,1
BRDA:42,2,1,4
BRDA:46,3,0,1
BRDA:46,3,1,3
BRDA:53,4,0,2
BRDA:53,4,1,1
BRDA:79,5,0,1
BRDA:79,5,1,0
BRDA:9,6,0,2
BRDA:9,6,1,0
BRDA:9,7,0,2
BRDA:9,7,1,2
BRF:16
BRH:14
end_of_record
TN:
SF:src/rollbacks/dto/rollback-transaction.dto.ts
FNF:0
FNH:0
DA:1,1
DA:3,1
DA:6,1
DA:10,1
LF:4
LH:4
BRF:0
BRH:0
end_of_record
